[0.052s] Invoking command in '/home/ubuntu/git/rs2/build/rs2': CMAKE_PREFIX_PATH=/opt/ros/humble /usr/bin/cmake /home/ubuntu/git/rs2 -DCMAKE_INSTALL_PREFIX=/home/ubuntu/git/rs2/install/rs2
[0.631s] -- The C compiler identification is GNU 11.4.0
[0.982s] -- The CXX compiler identification is GNU 11.4.0
[1.017s] -- Detecting C compiler ABI info
[1.223s] -- Detecting C compiler ABI info - done
[1.234s] -- Check for working C compiler: /usr/bin/cc - skipped
[1.235s] -- Detecting C compile features
[1.237s] -- Detecting C compile features - done
[1.248s] -- Detecting CXX compiler ABI info
[1.437s] -- Detecting CXX compiler ABI info - done
[1.448s] -- Check for working CXX compiler: /usr/bin/c++ - skipped
[1.449s] -- Detecting CXX compile features
[1.449s] -- Detecting CXX compile features - done
[1.504s] -- Found ament_cmake: 1.3.11 (/opt/ros/humble/share/ament_cmake/cmake)
[1.796s] -- Found Python3: /usr/bin/python3 (found version "3.10.12") found components: Interpreter 
[2.063s] -- Found rclcpp: 16.0.11 (/opt/ros/humble/share/rclcpp/cmake)
[2.267s] -- Found rosidl_generator_c: 3.1.6 (/opt/ros/humble/share/rosidl_generator_c/cmake)
[2.289s] -- Found rosidl_adapter: 3.1.6 (/opt/ros/humble/share/rosidl_adapter/cmake)
[2.329s] -- Found rosidl_generator_cpp: 3.1.6 (/opt/ros/humble/share/rosidl_generator_cpp/cmake)
[2.392s] -- Using all available rosidl_typesupport_c: rosidl_typesupport_fastrtps_c;rosidl_typesupport_introspection_c
[2.455s] -- Using all available rosidl_typesupport_cpp: rosidl_typesupport_fastrtps_cpp;rosidl_typesupport_introspection_cpp
[2.670s] -- Found rmw_implementation_cmake: 6.1.2 (/opt/ros/humble/share/rmw_implementation_cmake/cmake)
[2.697s] -- Found rmw_fastrtps_cpp: 6.2.7 (/opt/ros/humble/share/rmw_fastrtps_cpp/cmake)
[3.154s] -- Found OpenSSL: /usr/lib/x86_64-linux-gnu/libcrypto.so (found version "3.0.2")  
[3.209s] -- Found FastRTPS: /opt/ros/humble/include  
[3.278s] -- Using RMW implementation 'rmw_fastrtps_cpp' as default
[3.364s] -- Looking for pthread.h
[3.625s] -- Looking for pthread.h - found
[3.625s] -- Performing Test CMAKE_HAVE_LIBC_PTHREAD
[3.774s] -- Performing Test CMAKE_HAVE_LIBC_PTHREAD - Success
[3.775s] -- Found Threads: TRUE  
[4.195s] -- Configuring done
[4.195s] [31mCMake Error at CMakeLists.txt:22 (add_executable):
[4.195s]   Cannot find source file:
[4.195s] 
[4.195s]     src/main.cpp
[4.195s] 
[4.195s]   Tried extensions .c .C .c++ .cc .cpp .cxx .cu .mpp .m .M .mm .ixx .cppm .h
[4.195s]   .hh .h++ .hm .hpp .hxx .in .txx .f .F .for .f77 .f90 .f95 .f03 .hip .ispc
[4.195s] 
[4.195s] [0m
[4.313s] -- Generating done
[4.315s] [0mCMake Generate step failed.  Build files cannot be regenerated correctly.[0m
[4.333s] Invoked command in '/home/ubuntu/git/rs2/build/rs2' returned '1': CMAKE_PREFIX_PATH=/opt/ros/humble /usr/bin/cmake /home/ubuntu/git/rs2 -DCMAKE_INSTALL_PREFIX=/home/ubuntu/git/rs2/install/rs2
