[0.264s] DEBUG:colcon:Command line arguments: ['/usr/bin/colcon', 'build']
[0.265s] DEBUG:colcon:Parsed command line arguments: Namespace(log_base=None, log_level=None, verb_name='build', build_base='build', install_base='install', merge_install=False, symlink_install=False, test_result_base=None, continue_on_error=False, executor='parallel', parallel_workers=3, event_handlers=None, ignore_user_meta=False, metas=['./colcon.meta'], base_paths=['.'], packages_ignore=None, packages_ignore_regex=None, paths=None, packages_up_to=None, packages_up_to_regex=None, packages_above=None, packages_above_and_dependencies=None, packages_above_depth=None, packages_select_by_dep=None, packages_skip_by_dep=None, packages_skip_up_to=None, packages_select_build_failed=False, packages_skip_build_finished=False, packages_select_test_failures=False, packages_skip_test_passed=False, packages_select=None, packages_skip=None, packages_select_regex=None, packages_skip_regex=None, packages_start=None, packages_end=None, allow_overriding=[], cmake_args=None, cmake_target=None, cmake_target_skip_unavailable=False, cmake_clean_cache=False, cmake_clean_first=False, cmake_force_configure=False, ament_cmake_args=None, catkin_cmake_args=None, catkin_skip_building_tests=False, mixin_files=None, mixin=None, verb_parser=<colcon_mixin.mixin.mixin_argument.MixinArgumentDecorator object at 0x74037fccd570>, verb_extension=<colcon_core.verb.build.BuildVerb object at 0x74037fcccfa0>, main=<bound method BuildVerb.main of <colcon_core.verb.build.BuildVerb object at 0x74037fcccfa0>>, mixin_verb=('build',))
[0.723s] Level 1:colcon.colcon_core.package_discovery:discover_packages(colcon_meta) check parameters
[0.724s] Level 1:colcon.colcon_core.package_discovery:discover_packages(recursive) check parameters
[0.724s] Level 1:colcon.colcon_core.package_discovery:discover_packages(ignore) check parameters
[0.724s] Level 1:colcon.colcon_core.package_discovery:discover_packages(path) check parameters
[0.724s] Level 1:colcon.colcon_core.package_discovery:discover_packages(colcon_meta) discover
[0.724s] Level 1:colcon.colcon_core.package_discovery:discover_packages(recursive) discover
[0.724s] INFO:colcon.colcon_core.package_discovery:Crawling recursively for packages in '/home/ubuntu/git/rs2'
[0.725s] Level 1:colcon.colcon_core.package_identification:_identify(.) by extensions ['ignore', 'ignore_ament_install']
[0.725s] Level 1:colcon.colcon_core.package_identification:_identify(.) by extension 'ignore'
[0.725s] Level 1:colcon.colcon_core.package_identification:_identify(.) by extension 'ignore_ament_install'
[0.725s] Level 1:colcon.colcon_core.package_identification:_identify(.) by extensions ['colcon_pkg']
[0.725s] Level 1:colcon.colcon_core.package_identification:_identify(.) by extension 'colcon_pkg'
[0.725s] Level 1:colcon.colcon_core.package_identification:_identify(.) by extensions ['colcon_meta']
[0.725s] Level 1:colcon.colcon_core.package_identification:_identify(.) by extension 'colcon_meta'
[0.725s] Level 1:colcon.colcon_core.package_identification:_identify(.) by extensions ['ros']
[0.725s] Level 1:colcon.colcon_core.package_identification:_identify(.) by extension 'ros'
[0.760s] DEBUG:colcon.colcon_core.package_identification:Package '.' with type 'ros.ament_cmake' and name 'rs2'
[0.760s] Level 1:colcon.colcon_core.package_discovery:discover_packages(recursive) using defaults
[0.760s] Level 1:colcon.colcon_core.package_discovery:discover_packages(ignore) discover
[0.760s] Level 1:colcon.colcon_core.package_discovery:discover_packages(ignore) using defaults
[0.760s] Level 1:colcon.colcon_core.package_discovery:discover_packages(path) discover
[0.761s] Level 1:colcon.colcon_core.package_discovery:discover_packages(path) using defaults
[0.831s] Level 1:colcon.colcon_core.package_discovery:discover_packages(prefix_path) check parameters
[0.832s] Level 1:colcon.colcon_core.package_discovery:discover_packages(prefix_path) discover
[0.835s] DEBUG:colcon.colcon_installed_package_information.package_discovery:Found 1 installed packages in /home/ubuntu/ros2_ws/src/rs2/install
[0.838s] DEBUG:colcon.colcon_installed_package_information.package_discovery:Found 365 installed packages in /opt/ros/humble
[0.841s] Level 1:colcon.colcon_core.package_discovery:discover_packages(prefix_path) using defaults
[0.946s] Level 5:colcon.colcon_core.verb:set package 'rs2' build argument 'cmake_args' from command line to 'None'
[0.946s] Level 5:colcon.colcon_core.verb:set package 'rs2' build argument 'cmake_target' from command line to 'None'
[0.947s] Level 5:colcon.colcon_core.verb:set package 'rs2' build argument 'cmake_target_skip_unavailable' from command line to 'False'
[0.947s] Level 5:colcon.colcon_core.verb:set package 'rs2' build argument 'cmake_clean_cache' from command line to 'False'
[0.947s] Level 5:colcon.colcon_core.verb:set package 'rs2' build argument 'cmake_clean_first' from command line to 'False'
[0.947s] Level 5:colcon.colcon_core.verb:set package 'rs2' build argument 'cmake_force_configure' from command line to 'False'
[0.947s] Level 5:colcon.colcon_core.verb:set package 'rs2' build argument 'ament_cmake_args' from command line to 'None'
[0.947s] Level 5:colcon.colcon_core.verb:set package 'rs2' build argument 'catkin_cmake_args' from command line to 'None'
[0.947s] Level 5:colcon.colcon_core.verb:set package 'rs2' build argument 'catkin_skip_building_tests' from command line to 'False'
[0.947s] DEBUG:colcon.colcon_core.verb:Building package 'rs2' with the following arguments: {'ament_cmake_args': None, 'build_base': '/home/ubuntu/git/rs2/build/rs2', 'catkin_cmake_args': None, 'catkin_skip_building_tests': False, 'cmake_args': None, 'cmake_clean_cache': False, 'cmake_clean_first': False, 'cmake_force_configure': False, 'cmake_target': None, 'cmake_target_skip_unavailable': False, 'install_base': '/home/ubuntu/git/rs2/install/rs2', 'merge_install': False, 'path': '/home/ubuntu/git/rs2', 'symlink_install': False, 'test_result_base': None}
[0.947s] INFO:colcon.colcon_core.executor:Executing jobs using 'parallel' executor
[0.950s] DEBUG:colcon.colcon_parallel_executor.executor.parallel:run_until_complete
[0.950s] INFO:colcon.colcon_ros.task.ament_cmake.build:Building ROS package in '/home/ubuntu/git/rs2' with build type 'ament_cmake'
[0.950s] INFO:colcon.colcon_cmake.task.cmake.build:Building CMake package in '/home/ubuntu/git/rs2'
[0.953s] INFO:colcon.colcon_core.plugin_system:Skipping extension 'colcon_core.shell.bat': Not used on non-Windows systems
[0.953s] INFO:colcon.colcon_core.shell:Skip shell extension 'powershell' for command environment: Not usable outside of PowerShell
[0.953s] DEBUG:colcon.colcon_core.shell:Skip shell extension 'dsv' for command environment
[0.997s] DEBUG:colcon.colcon_core.event_handler.log_command:Invoking command in '/home/ubuntu/git/rs2/build/rs2': CMAKE_PREFIX_PATH=${CMAKE_PREFIX_PATH}:/opt/ros/humble /usr/bin/cmake --build /home/ubuntu/git/rs2/build/rs2 -- -j3 -l3
[12.465s] DEBUG:colcon.colcon_core.event_handler.log_command:Invoked command in '/home/ubuntu/git/rs2/build/rs2' returned '0': CMAKE_PREFIX_PATH=${CMAKE_PREFIX_PATH}:/opt/ros/humble /usr/bin/cmake --build /home/ubuntu/git/rs2/build/rs2 -- -j3 -l3
[12.493s] DEBUG:colcon.colcon_core.event_handler.log_command:Invoking command in '/home/ubuntu/git/rs2/build/rs2': CMAKE_PREFIX_PATH=${CMAKE_PREFIX_PATH}:/opt/ros/humble /usr/bin/cmake --install /home/ubuntu/git/rs2/build/rs2
[12.505s] Level 1:colcon.colcon_core.environment:create_environment_scripts_only(rs2)
[12.508s] Level 1:colcon.colcon_core.environment:checking '/home/ubuntu/git/rs2/install/rs2' for CMake module files
[12.510s] DEBUG:colcon.colcon_core.event_handler.log_command:Invoked command in '/home/ubuntu/git/rs2/build/rs2' returned '0': CMAKE_PREFIX_PATH=${CMAKE_PREFIX_PATH}:/opt/ros/humble /usr/bin/cmake --install /home/ubuntu/git/rs2/build/rs2
[12.511s] Level 1:colcon.colcon_core.environment:checking '/home/ubuntu/git/rs2/install/rs2' for CMake config files
[12.511s] Level 1:colcon.colcon_core.shell:create_environment_hook('rs2', 'cmake_prefix_path')
[12.512s] INFO:colcon.colcon_core.shell:Creating environment hook '/home/ubuntu/git/rs2/install/rs2/share/rs2/hook/cmake_prefix_path.ps1'
[12.513s] INFO:colcon.colcon_core.shell:Creating environment descriptor '/home/ubuntu/git/rs2/install/rs2/share/rs2/hook/cmake_prefix_path.dsv'
[12.515s] INFO:colcon.colcon_core.shell:Creating environment hook '/home/ubuntu/git/rs2/install/rs2/share/rs2/hook/cmake_prefix_path.sh'
[12.517s] Level 1:colcon.colcon_core.environment:checking '/home/ubuntu/git/rs2/install/rs2/lib'
[12.517s] Level 1:colcon.colcon_core.environment:checking '/home/ubuntu/git/rs2/install/rs2/bin'
[12.518s] Level 1:colcon.colcon_core.environment:checking '/home/ubuntu/git/rs2/install/rs2/lib/pkgconfig/rs2.pc'
[12.518s] Level 1:colcon.colcon_core.environment:checking '/home/ubuntu/git/rs2/install/rs2/lib/python3.10/site-packages'
[12.518s] Level 1:colcon.colcon_core.environment:checking '/home/ubuntu/git/rs2/install/rs2/bin'
[12.519s] INFO:colcon.colcon_core.shell:Creating package script '/home/ubuntu/git/rs2/install/rs2/share/rs2/package.ps1'
[12.521s] INFO:colcon.colcon_core.shell:Creating package descriptor '/home/ubuntu/git/rs2/install/rs2/share/rs2/package.dsv'
[12.522s] INFO:colcon.colcon_core.shell:Creating package script '/home/ubuntu/git/rs2/install/rs2/share/rs2/package.sh'
[12.526s] INFO:colcon.colcon_core.shell:Creating package script '/home/ubuntu/git/rs2/install/rs2/share/rs2/package.bash'
[12.528s] INFO:colcon.colcon_core.shell:Creating package script '/home/ubuntu/git/rs2/install/rs2/share/rs2/package.zsh'
[12.530s] Level 1:colcon.colcon_core.environment:create_file_with_runtime_dependencies(/home/ubuntu/git/rs2/install/rs2/share/colcon-core/packages/rs2)
[12.531s] Level 1:colcon.colcon_core.environment:create_environment_scripts_only(rs2)
[12.532s] Level 1:colcon.colcon_core.environment:checking '/home/ubuntu/git/rs2/install/rs2' for CMake module files
[12.533s] Level 1:colcon.colcon_core.environment:checking '/home/ubuntu/git/rs2/install/rs2' for CMake config files
[12.533s] Level 1:colcon.colcon_core.shell:create_environment_hook('rs2', 'cmake_prefix_path')
[12.534s] INFO:colcon.colcon_core.shell:Creating environment hook '/home/ubuntu/git/rs2/install/rs2/share/rs2/hook/cmake_prefix_path.ps1'
[12.535s] INFO:colcon.colcon_core.shell:Creating environment descriptor '/home/ubuntu/git/rs2/install/rs2/share/rs2/hook/cmake_prefix_path.dsv'
[12.537s] INFO:colcon.colcon_core.shell:Creating environment hook '/home/ubuntu/git/rs2/install/rs2/share/rs2/hook/cmake_prefix_path.sh'
[12.539s] Level 1:colcon.colcon_core.environment:checking '/home/ubuntu/git/rs2/install/rs2/lib'
[12.539s] Level 1:colcon.colcon_core.environment:checking '/home/ubuntu/git/rs2/install/rs2/bin'
[12.539s] Level 1:colcon.colcon_core.environment:checking '/home/ubuntu/git/rs2/install/rs2/lib/pkgconfig/rs2.pc'
[12.540s] Level 1:colcon.colcon_core.environment:checking '/home/ubuntu/git/rs2/install/rs2/lib/python3.10/site-packages'
[12.540s] Level 1:colcon.colcon_core.environment:checking '/home/ubuntu/git/rs2/install/rs2/bin'
[12.541s] INFO:colcon.colcon_core.shell:Creating package script '/home/ubuntu/git/rs2/install/rs2/share/rs2/package.ps1'
[12.544s] INFO:colcon.colcon_core.shell:Creating package descriptor '/home/ubuntu/git/rs2/install/rs2/share/rs2/package.dsv'
[12.545s] INFO:colcon.colcon_core.shell:Creating package script '/home/ubuntu/git/rs2/install/rs2/share/rs2/package.sh'
[12.547s] INFO:colcon.colcon_core.shell:Creating package script '/home/ubuntu/git/rs2/install/rs2/share/rs2/package.bash'
[12.548s] INFO:colcon.colcon_core.shell:Creating package script '/home/ubuntu/git/rs2/install/rs2/share/rs2/package.zsh'
[12.549s] Level 1:colcon.colcon_core.environment:create_file_with_runtime_dependencies(/home/ubuntu/git/rs2/install/rs2/share/colcon-core/packages/rs2)
[12.550s] DEBUG:colcon.colcon_parallel_executor.executor.parallel:closing loop
[12.551s] DEBUG:colcon.colcon_parallel_executor.executor.parallel:loop closed
[12.552s] DEBUG:colcon.colcon_parallel_executor.executor.parallel:run_until_complete finished with '0'
[12.552s] DEBUG:colcon.colcon_core.event_reactor:joining thread
[12.558s] INFO:colcon.colcon_core.plugin_system:Skipping extension 'colcon_notification.desktop_notification.terminal_notifier': Not used on non-Darwin systems
[12.560s] INFO:colcon.colcon_core.plugin_system:Skipping extension 'colcon_notification.desktop_notification.win32': Not used on non-Windows systems
[12.561s] INFO:colcon.colcon_notification.desktop_notification:Sending desktop notification using 'notify2'
[12.610s] DEBUG:colcon.colcon_core.event_reactor:joined thread
[12.611s] INFO:colcon.colcon_core.shell:Creating prefix script '/home/ubuntu/git/rs2/install/local_setup.ps1'
[12.614s] INFO:colcon.colcon_core.shell:Creating prefix util module '/home/ubuntu/git/rs2/install/_local_setup_util_ps1.py'
[12.617s] INFO:colcon.colcon_core.shell:Creating prefix chain script '/home/ubuntu/git/rs2/install/setup.ps1'
[12.619s] INFO:colcon.colcon_core.shell:Creating prefix script '/home/ubuntu/git/rs2/install/local_setup.sh'
[12.620s] INFO:colcon.colcon_core.shell:Creating prefix util module '/home/ubuntu/git/rs2/install/_local_setup_util_sh.py'
[12.621s] INFO:colcon.colcon_core.shell:Creating prefix chain script '/home/ubuntu/git/rs2/install/setup.sh'
[12.623s] INFO:colcon.colcon_core.shell:Creating prefix script '/home/ubuntu/git/rs2/install/local_setup.bash'
[12.625s] INFO:colcon.colcon_core.shell:Creating prefix chain script '/home/ubuntu/git/rs2/install/setup.bash'
[12.626s] INFO:colcon.colcon_core.shell:Creating prefix script '/home/ubuntu/git/rs2/install/local_setup.zsh'
[12.628s] INFO:colcon.colcon_core.shell:Creating prefix chain script '/home/ubuntu/git/rs2/install/setup.zsh'
