[0.032s] Invoking command in '/home/ubuntu/git/rs2/build/rs2': CMAKE_PREFIX_PATH=/opt/ros/humble /usr/bin/cmake /home/ubuntu/git/rs2 -DCMAKE_INSTALL_PREFIX=/home/ubuntu/git/rs2/install/rs2
[0.422s] -- The C compiler identification is GNU 11.4.0
[0.605s] -- The CXX compiler identification is GNU 11.4.0
[0.649s] -- Detecting C compiler ABI info
[0.826s] -- Detecting C compiler ABI info - done
[0.847s] -- Check for working C compiler: /usr/bin/cc - skipped
[0.848s] -- Detecting C compile features
[0.851s] -- Detecting C compile features - done
[0.862s] -- Detecting CXX compiler ABI info
[1.086s] -- Detecting CXX compiler ABI info - done
[1.103s] -- Check for working CXX compiler: /usr/bin/c++ - skipped
[1.107s] -- Detecting CXX compile features
[1.109s] -- Detecting CXX compile features - done
[1.189s] -- Found ament_cmake: 1.3.11 (/opt/ros/humble/share/ament_cmake/cmake)
[1.518s] -- Found Python3: /usr/bin/python3 (found version "3.10.12") found components: Interpreter 
[1.853s] -- Found rclcpp: 16.0.11 (/opt/ros/humble/share/rclcpp/cmake)
[2.023s] -- Found rosidl_generator_c: 3.1.6 (/opt/ros/humble/share/rosidl_generator_c/cmake)
[2.046s] -- Found rosidl_adapter: 3.1.6 (/opt/ros/humble/share/rosidl_adapter/cmake)
[2.084s] -- Found rosidl_generator_cpp: 3.1.6 (/opt/ros/humble/share/rosidl_generator_cpp/cmake)
[2.153s] -- Using all available rosidl_typesupport_c: rosidl_typesupport_fastrtps_c;rosidl_typesupport_introspection_c
[2.231s] -- Using all available rosidl_typesupport_cpp: rosidl_typesupport_fastrtps_cpp;rosidl_typesupport_introspection_cpp
[2.448s] -- Found rmw_implementation_cmake: 6.1.2 (/opt/ros/humble/share/rmw_implementation_cmake/cmake)
[2.463s] -- Found rmw_fastrtps_cpp: 6.2.7 (/opt/ros/humble/share/rmw_fastrtps_cpp/cmake)
[2.786s] -- Found OpenSSL: /usr/lib/x86_64-linux-gnu/libcrypto.so (found version "3.0.2")  
[2.843s] -- Found FastRTPS: /opt/ros/humble/include  
[2.923s] -- Using RMW implementation 'rmw_fastrtps_cpp' as default
[2.967s] -- Looking for pthread.h
[3.165s] -- Looking for pthread.h - found
[3.167s] -- Performing Test CMAKE_HAVE_LIBC_PTHREAD
[3.356s] -- Performing Test CMAKE_HAVE_LIBC_PTHREAD - Success
[3.356s] -- Found Threads: TRUE  
[3.572s] -- Found rclcpp_components: 16.0.11 (/opt/ros/humble/share/rclcpp_components/cmake)
[3.960s] -- Configuring done
[4.071s] -- Generating done
[4.079s] -- Build files have been written to: /home/ubuntu/git/rs2/build/rs2
[4.106s] Invoked command in '/home/ubuntu/git/rs2/build/rs2' returned '0': CMAKE_PREFIX_PATH=/opt/ros/humble /usr/bin/cmake /home/ubuntu/git/rs2 -DCMAKE_INSTALL_PREFIX=/home/ubuntu/git/rs2/install/rs2
[4.112s] Invoking command in '/home/ubuntu/git/rs2/build/rs2': CMAKE_PREFIX_PATH=/opt/ros/humble /usr/bin/cmake --build /home/ubuntu/git/rs2/build/rs2 -- -j3 -l3
[4.269s] [ 20%] [34m[1mAutomatic MOC and UIC for target rs2[0m
[5.211s] [ 20%] Built target rs2_autogen
[5.279s] [ 40%] [32mBuilding CXX object CMakeFiles/rs2.dir/src/main.cpp.o[0m
[5.289s] [ 60%] [32mBuilding CXX object CMakeFiles/rs2.dir/rs2_autogen/mocs_compilation.cpp.o[0m
[5.295s] [ 80%] [32mBuilding CXX object CMakeFiles/rs2.dir/src/GUI/GUI.cpp.o[0m
[17.623s] [100%] [32m[1mLinking CXX executable rs2[0m
[21.217s] [100%] Built target rs2
[21.257s] Invoked command in '/home/ubuntu/git/rs2/build/rs2' returned '0': CMAKE_PREFIX_PATH=/opt/ros/humble /usr/bin/cmake --build /home/ubuntu/git/rs2/build/rs2 -- -j3 -l3
[21.288s] Invoking command in '/home/ubuntu/git/rs2/build/rs2': CMAKE_PREFIX_PATH=/opt/ros/humble /usr/bin/cmake --install /home/ubuntu/git/rs2/build/rs2
[21.312s] -- Install configuration: ""
[21.322s] -- Installing: /home/ubuntu/git/rs2/install/rs2/lib/rs2/rs2
[21.322s] -- Set runtime path of "/home/ubuntu/git/rs2/install/rs2/lib/rs2/rs2" to ""
[21.322s] -- Installing: /home/ubuntu/git/rs2/install/rs2/include/rs2
[21.322s] -- Installing: /home/ubuntu/git/rs2/install/rs2/share/ament_index/resource_index/package_run_dependencies/rs2
[21.322s] -- Installing: /home/ubuntu/git/rs2/install/rs2/share/ament_index/resource_index/parent_prefix_path/rs2
[21.335s] -- Installing: /home/ubuntu/git/rs2/install/rs2/share/rs2/environment/ament_prefix_path.sh
[21.337s] -- Installing: /home/ubuntu/git/rs2/install/rs2/share/rs2/environment/ament_prefix_path.dsv
[21.337s] -- Installing: /home/ubuntu/git/rs2/install/rs2/share/rs2/environment/path.sh
[21.339s] -- Installing: /home/ubuntu/git/rs2/install/rs2/share/rs2/environment/path.dsv
[21.340s] -- Installing: /home/ubuntu/git/rs2/install/rs2/share/rs2/local_setup.bash
[21.340s] -- Installing: /home/ubuntu/git/rs2/install/rs2/share/rs2/local_setup.sh
[21.340s] -- Installing: /home/ubuntu/git/rs2/install/rs2/share/rs2/local_setup.zsh
[21.342s] -- Installing: /home/ubuntu/git/rs2/install/rs2/share/rs2/local_setup.dsv
[21.342s] -- Installing: /home/ubuntu/git/rs2/install/rs2/share/rs2/package.dsv
[21.342s] -- Installing: /home/ubuntu/git/rs2/install/rs2/share/ament_index/resource_index/packages/rs2
[21.342s] -- Installing: /home/ubuntu/git/rs2/install/rs2/share/rs2/cmake/rs2Config.cmake
[21.345s] -- Installing: /home/ubuntu/git/rs2/install/rs2/share/rs2/cmake/rs2Config-version.cmake
[21.345s] -- Installing: /home/ubuntu/git/rs2/install/rs2/share/rs2/package.xml
[21.357s] Invoked command in '/home/ubuntu/git/rs2/build/rs2' returned '0': CMAKE_PREFIX_PATH=/opt/ros/humble /usr/bin/cmake --install /home/ubuntu/git/rs2/build/rs2
