-- Found ament_cmake: 1.3.11 (/opt/ros/humble/share/ament_cmake/cmake)
-- Found rclcpp: 16.0.11 (/opt/ros/humble/share/rclcpp/cmake)
-- Found rosidl_generator_c: 3.1.6 (/opt/ros/humble/share/rosidl_generator_c/cmake)
-- Found rosidl_adapter: 3.1.6 (/opt/ros/humble/share/rosidl_adapter/cmake)
-- Found rosidl_generator_cpp: 3.1.6 (/opt/ros/humble/share/rosidl_generator_cpp/cmake)
-- Using all available rosidl_typesupport_c: rosidl_typesupport_fastrtps_c;rosidl_typesupport_introspection_c
-- Using all available rosidl_typesupport_cpp: rosidl_typesupport_fastrtps_cpp;rosidl_typesupport_introspection_cpp
-- Found rmw_implementation_cmake: 6.1.2 (/opt/ros/humble/share/rmw_implementation_cmake/cmake)
-- Found rmw_fastrtps_cpp: 6.2.7 (/opt/ros/humble/share/rmw_fastrtps_cpp/cmake)
-- Using RMW implementation 'rmw_fastrtps_cpp' as default
-- Configuring done
-- Generating done
-- Build files have been written to: /home/ubuntu/git/rs2/build/rs2
[ 20%] [34m[1mAutomatic MOC and UIC for target rs2[0m
[ 20%] Built target rs2_autogen
[35m[1mConsolidate compiler generated dependencies of target rs2[0m
[ 40%] [32mBuilding CXX object CMakeFiles/rs2.dir/rs2_autogen/mocs_compilation.cpp.o[0m
[ 60%] [32mBuilding CXX object CMakeFiles/rs2.dir/src/GUI/GUI.cpp.o[0m
[ 80%] [32mBuilding CXX object CMakeFiles/rs2.dir/src/main.cpp.o[0m
[01m[K/home/ubuntu/git/rs2/src/main.cpp:[m[K In function ‘[01m[Kint main(int, char**)[m[K’:
[01m[K/home/ubuntu/git/rs2/src/main.cpp:17:3:[m[K [01;31m[Kerror: [m[K‘[01m[KQApplication[m[K’ was not declared in this scope
   17 |   [01;31m[KQApplication[m[K app(argc, argv);
      |   [01;31m[K^~~~~~~~~~~~[m[K
[01m[K/home/ubuntu/git/rs2/src/main.cpp:20:3:[m[K [01;31m[Kerror: [m[K‘[01m[KUR3ControlGUI[m[K’ was not declared in this scope
   20 |   [01;31m[KUR3ControlGUI[m[K gui(node);
      |   [01;31m[K^~~~~~~~~~~~~[m[K
[01m[K/home/ubuntu/git/rs2/src/main.cpp:21:3:[m[K [01;31m[Kerror: [m[K‘[01m[Kgui[m[K’ was not declared in this scope
   21 |   [01;31m[Kgui[m[K.show();
      |   [01;31m[K^~~[m[K
[01m[K/home/ubuntu/git/rs2/src/main.cpp:27:16:[m[K [01;31m[Kerror: [m[K‘[01m[Kapp[m[K’ was not declared in this scope
   27 |   int result = [01;31m[Kapp[m[K.exec();
      |                [01;31m[K^~~[m[K
[01m[K/home/ubuntu/git/rs2/src/main.cpp:33:7:[m[K [01;31m[Kerror: [m[K‘[01m[KrosSpinThread[m[K’ was not declared in this scope
   33 |   if ([01;31m[KrosSpinThread[m[K.joinable()) {
      |       [01;31m[K^~~~~~~~~~~~~[m[K
gmake[2]: *** [CMakeFiles/rs2.dir/build.make:90: CMakeFiles/rs2.dir/src/main.cpp.o] Error 1
gmake[2]: *** Waiting for unfinished jobs....
[01m[K/home/ubuntu/git/rs2/src/GUI/GUI.cpp:[m[K In member function ‘[01m[Kvoid GUI::setupUI()[m[K’:
[01m[K/home/ubuntu/git/rs2/src/GUI/GUI.cpp:152:59:[m[K [01;31m[Kerror: [m[K‘[01m[KUR3ControlGUI[m[K’ has not been declared
  152 |         connect(homeButton, &QPushButton::clicked, this, &[01;31m[KUR3ControlGUI[m[K::homePosition);
      |                                                           [01;31m[K^~~~~~~~~~~~~[m[K
[01m[K/home/ubuntu/git/rs2/src/GUI/GUI.cpp:153:59:[m[K [01;31m[Kerror: [m[K‘[01m[KUR3ControlGUI[m[K’ has not been declared
  153 |         connect(sendButton, &QPushButton::clicked, this, &[01;31m[KUR3ControlGUI[m[K::sendJointPositions);
      |                                                           [01;31m[K^~~~~~~~~~~~~[m[K
gmake[2]: *** [CMakeFiles/rs2.dir/build.make:104: CMakeFiles/rs2.dir/src/GUI/GUI.cpp.o] Error 1
gmake[1]: *** [CMakeFiles/Makefile2:138: CMakeFiles/rs2.dir/all] Error 2
gmake: *** [Makefile:146: all] Error 2
