[1.706s] DEBUG:colcon:Command line arguments: ['/usr/bin/colcon', 'build']
[1.706s] DEBUG:colcon:Parsed command line arguments: Namespace(log_base=None, log_level=None, verb_name='build', build_base='build', install_base='install', merge_install=False, symlink_install=False, test_result_base=None, continue_on_error=False, executor='parallel', parallel_workers=3, event_handlers=None, ignore_user_meta=False, metas=['./colcon.meta'], base_paths=['.'], packages_ignore=None, packages_ignore_regex=None, paths=None, packages_up_to=None, packages_up_to_regex=None, packages_above=None, packages_above_and_dependencies=None, packages_above_depth=None, packages_select_by_dep=None, packages_skip_by_dep=None, packages_skip_up_to=None, packages_select_build_failed=False, packages_skip_build_finished=False, packages_select_test_failures=False, packages_skip_test_passed=False, packages_select=None, packages_skip=None, packages_select_regex=None, packages_skip_regex=None, packages_start=None, packages_end=None, allow_overriding=[], cmake_args=None, cmake_target=None, cmake_target_skip_unavailable=False, cmake_clean_cache=False, cmake_clean_first=False, cmake_force_configure=False, ament_cmake_args=None, catkin_cmake_args=None, catkin_skip_building_tests=False, mixin_files=None, mixin=None, verb_parser=<colcon_mixin.mixin.mixin_argument.MixinArgumentDecorator object at 0x7ccb5bb658d0>, verb_extension=<colcon_core.verb.build.BuildVerb object at 0x7ccb5bb65300>, main=<bound method BuildVerb.main of <colcon_core.verb.build.BuildVerb object at 0x7ccb5bb65300>>, mixin_verb=('build',))
[4.940s] Level 1:colcon.colcon_core.package_discovery:discover_packages(colcon_meta) check parameters
[4.942s] Level 1:colcon.colcon_core.package_discovery:discover_packages(recursive) check parameters
[4.942s] Level 1:colcon.colcon_core.package_discovery:discover_packages(ignore) check parameters
[4.942s] Level 1:colcon.colcon_core.package_discovery:discover_packages(path) check parameters
[4.942s] Level 1:colcon.colcon_core.package_discovery:discover_packages(colcon_meta) discover
[4.942s] Level 1:colcon.colcon_core.package_discovery:discover_packages(recursive) discover
[4.942s] INFO:colcon.colcon_core.package_discovery:Crawling recursively for packages in '/home/ubuntu/git/rs2'
[4.943s] Level 1:colcon.colcon_core.package_identification:_identify(.) by extensions ['ignore', 'ignore_ament_install']
[4.944s] Level 1:colcon.colcon_core.package_identification:_identify(.) by extension 'ignore'
[4.944s] Level 1:colcon.colcon_core.package_identification:_identify(.) by extension 'ignore_ament_install'
[4.944s] Level 1:colcon.colcon_core.package_identification:_identify(.) by extensions ['colcon_pkg']
[4.944s] Level 1:colcon.colcon_core.package_identification:_identify(.) by extension 'colcon_pkg'
[4.944s] Level 1:colcon.colcon_core.package_identification:_identify(.) by extensions ['colcon_meta']
[4.944s] Level 1:colcon.colcon_core.package_identification:_identify(.) by extension 'colcon_meta'
[4.944s] Level 1:colcon.colcon_core.package_identification:_identify(.) by extensions ['ros']
[4.944s] Level 1:colcon.colcon_core.package_identification:_identify(.) by extension 'ros'
[4.993s] DEBUG:colcon.colcon_core.package_identification:Package '.' with type 'ros.ament_cmake' and name 'rs2'
[4.993s] Level 1:colcon.colcon_core.package_discovery:discover_packages(recursive) using defaults
[4.993s] Level 1:colcon.colcon_core.package_discovery:discover_packages(ignore) discover
[4.994s] Level 1:colcon.colcon_core.package_discovery:discover_packages(ignore) using defaults
[4.994s] Level 1:colcon.colcon_core.package_discovery:discover_packages(path) discover
[4.994s] Level 1:colcon.colcon_core.package_discovery:discover_packages(path) using defaults
[5.188s] Level 1:colcon.colcon_core.package_discovery:discover_packages(prefix_path) check parameters
[5.189s] Level 1:colcon.colcon_core.package_discovery:discover_packages(prefix_path) discover
[5.236s] DEBUG:colcon.colcon_installed_package_information.package_discovery:Found 365 installed packages in /opt/ros/humble
[5.241s] Level 1:colcon.colcon_core.package_discovery:discover_packages(prefix_path) using defaults
[5.875s] Level 5:colcon.colcon_core.verb:set package 'rs2' build argument 'cmake_args' from command line to 'None'
[5.875s] Level 5:colcon.colcon_core.verb:set package 'rs2' build argument 'cmake_target' from command line to 'None'
[5.876s] Level 5:colcon.colcon_core.verb:set package 'rs2' build argument 'cmake_target_skip_unavailable' from command line to 'False'
[5.876s] Level 5:colcon.colcon_core.verb:set package 'rs2' build argument 'cmake_clean_cache' from command line to 'False'
[5.876s] Level 5:colcon.colcon_core.verb:set package 'rs2' build argument 'cmake_clean_first' from command line to 'False'
[5.876s] Level 5:colcon.colcon_core.verb:set package 'rs2' build argument 'cmake_force_configure' from command line to 'False'
[5.876s] Level 5:colcon.colcon_core.verb:set package 'rs2' build argument 'ament_cmake_args' from command line to 'None'
[5.876s] Level 5:colcon.colcon_core.verb:set package 'rs2' build argument 'catkin_cmake_args' from command line to 'None'
[5.876s] Level 5:colcon.colcon_core.verb:set package 'rs2' build argument 'catkin_skip_building_tests' from command line to 'False'
[5.876s] DEBUG:colcon.colcon_core.verb:Building package 'rs2' with the following arguments: {'ament_cmake_args': None, 'build_base': '/home/ubuntu/git/rs2/build/rs2', 'catkin_cmake_args': None, 'catkin_skip_building_tests': False, 'cmake_args': None, 'cmake_clean_cache': False, 'cmake_clean_first': False, 'cmake_force_configure': False, 'cmake_target': None, 'cmake_target_skip_unavailable': False, 'install_base': '/home/ubuntu/git/rs2/install/rs2', 'merge_install': False, 'path': '/home/ubuntu/git/rs2', 'symlink_install': False, 'test_result_base': None}
[5.876s] INFO:colcon.colcon_core.executor:Executing jobs using 'parallel' executor
[5.878s] DEBUG:colcon.colcon_parallel_executor.executor.parallel:run_until_complete
[5.879s] INFO:colcon.colcon_ros.task.ament_cmake.build:Building ROS package in '/home/ubuntu/git/rs2' with build type 'ament_cmake'
[5.879s] INFO:colcon.colcon_cmake.task.cmake.build:Building CMake package in '/home/ubuntu/git/rs2'
[5.928s] INFO:colcon.colcon_core.plugin_system:Skipping extension 'colcon_core.shell.bat': Not used on non-Windows systems
[5.928s] INFO:colcon.colcon_core.shell:Skip shell extension 'powershell' for command environment: Not usable outside of PowerShell
[5.928s] DEBUG:colcon.colcon_core.shell:Skip shell extension 'dsv' for command environment
[6.006s] DEBUG:colcon.colcon_core.event_handler.log_command:Invoking command in '/home/ubuntu/git/rs2/build/rs2': CMAKE_PREFIX_PATH=/opt/ros/humble /usr/bin/cmake --build /home/ubuntu/git/rs2/build/rs2 -- -j3 -l3
[36.330s] DEBUG:colcon.colcon_core.event_handler.log_command:Invoked command in '/home/ubuntu/git/rs2/build/rs2' returned '0': CMAKE_PREFIX_PATH=/opt/ros/humble /usr/bin/cmake --build /home/ubuntu/git/rs2/build/rs2 -- -j3 -l3
[36.380s] DEBUG:colcon.colcon_core.event_handler.log_command:Invoking command in '/home/ubuntu/git/rs2/build/rs2': CMAKE_PREFIX_PATH=/opt/ros/humble /usr/bin/cmake --install /home/ubuntu/git/rs2/build/rs2
[36.470s] Level 1:colcon.colcon_core.environment:create_environment_scripts_only(rs2)
[36.473s] DEBUG:colcon.colcon_core.event_handler.log_command:Invoked command in '/home/ubuntu/git/rs2/build/rs2' returned '0': CMAKE_PREFIX_PATH=/opt/ros/humble /usr/bin/cmake --install /home/ubuntu/git/rs2/build/rs2
[36.538s] Level 1:colcon.colcon_core.environment:checking '/home/ubuntu/git/rs2/install/rs2' for CMake module files
[36.539s] Level 1:colcon.colcon_core.environment:checking '/home/ubuntu/git/rs2/install/rs2' for CMake config files
[36.539s] Level 1:colcon.colcon_core.shell:create_environment_hook('rs2', 'cmake_prefix_path')
[36.540s] INFO:colcon.colcon_core.shell:Creating environment hook '/home/ubuntu/git/rs2/install/rs2/share/rs2/hook/cmake_prefix_path.ps1'
[36.553s] INFO:colcon.colcon_core.shell:Creating environment descriptor '/home/ubuntu/git/rs2/install/rs2/share/rs2/hook/cmake_prefix_path.dsv'
[36.558s] INFO:colcon.colcon_core.shell:Creating environment hook '/home/ubuntu/git/rs2/install/rs2/share/rs2/hook/cmake_prefix_path.sh'
[36.562s] Level 1:colcon.colcon_core.environment:checking '/home/ubuntu/git/rs2/install/rs2/lib'
[36.563s] Level 1:colcon.colcon_core.environment:checking '/home/ubuntu/git/rs2/install/rs2/bin'
[36.563s] Level 1:colcon.colcon_core.environment:checking '/home/ubuntu/git/rs2/install/rs2/lib/pkgconfig/rs2.pc'
[36.564s] Level 1:colcon.colcon_core.environment:checking '/home/ubuntu/git/rs2/install/rs2/lib/python3.10/site-packages'
[36.564s] Level 1:colcon.colcon_core.environment:checking '/home/ubuntu/git/rs2/install/rs2/bin'
[36.565s] INFO:colcon.colcon_core.shell:Creating package script '/home/ubuntu/git/rs2/install/rs2/share/rs2/package.ps1'
[36.567s] INFO:colcon.colcon_core.shell:Creating package descriptor '/home/ubuntu/git/rs2/install/rs2/share/rs2/package.dsv'
[36.570s] INFO:colcon.colcon_core.shell:Creating package script '/home/ubuntu/git/rs2/install/rs2/share/rs2/package.sh'
[36.575s] INFO:colcon.colcon_core.shell:Creating package script '/home/ubuntu/git/rs2/install/rs2/share/rs2/package.bash'
[36.585s] INFO:colcon.colcon_core.shell:Creating package script '/home/ubuntu/git/rs2/install/rs2/share/rs2/package.zsh'
[36.592s] Level 1:colcon.colcon_core.environment:create_file_with_runtime_dependencies(/home/ubuntu/git/rs2/install/rs2/share/colcon-core/packages/rs2)
[36.596s] Level 1:colcon.colcon_core.environment:create_environment_scripts_only(rs2)
[36.596s] Level 1:colcon.colcon_core.environment:checking '/home/ubuntu/git/rs2/install/rs2' for CMake module files
[36.599s] Level 1:colcon.colcon_core.environment:checking '/home/ubuntu/git/rs2/install/rs2' for CMake config files
[36.605s] Level 1:colcon.colcon_core.shell:create_environment_hook('rs2', 'cmake_prefix_path')
[36.606s] INFO:colcon.colcon_core.shell:Creating environment hook '/home/ubuntu/git/rs2/install/rs2/share/rs2/hook/cmake_prefix_path.ps1'
[36.610s] INFO:colcon.colcon_core.shell:Creating environment descriptor '/home/ubuntu/git/rs2/install/rs2/share/rs2/hook/cmake_prefix_path.dsv'
[36.613s] INFO:colcon.colcon_core.shell:Creating environment hook '/home/ubuntu/git/rs2/install/rs2/share/rs2/hook/cmake_prefix_path.sh'
[36.621s] Level 1:colcon.colcon_core.environment:checking '/home/ubuntu/git/rs2/install/rs2/lib'
[36.621s] Level 1:colcon.colcon_core.environment:checking '/home/ubuntu/git/rs2/install/rs2/bin'
[36.621s] Level 1:colcon.colcon_core.environment:checking '/home/ubuntu/git/rs2/install/rs2/lib/pkgconfig/rs2.pc'
[36.622s] Level 1:colcon.colcon_core.environment:checking '/home/ubuntu/git/rs2/install/rs2/lib/python3.10/site-packages'
[36.622s] Level 1:colcon.colcon_core.environment:checking '/home/ubuntu/git/rs2/install/rs2/bin'
[36.623s] INFO:colcon.colcon_core.shell:Creating package script '/home/ubuntu/git/rs2/install/rs2/share/rs2/package.ps1'
[36.626s] INFO:colcon.colcon_core.shell:Creating package descriptor '/home/ubuntu/git/rs2/install/rs2/share/rs2/package.dsv'
[36.631s] INFO:colcon.colcon_core.shell:Creating package script '/home/ubuntu/git/rs2/install/rs2/share/rs2/package.sh'
[36.633s] INFO:colcon.colcon_core.shell:Creating package script '/home/ubuntu/git/rs2/install/rs2/share/rs2/package.bash'
[36.637s] INFO:colcon.colcon_core.shell:Creating package script '/home/ubuntu/git/rs2/install/rs2/share/rs2/package.zsh'
[36.643s] Level 1:colcon.colcon_core.environment:create_file_with_runtime_dependencies(/home/ubuntu/git/rs2/install/rs2/share/colcon-core/packages/rs2)
[36.655s] DEBUG:colcon.colcon_parallel_executor.executor.parallel:closing loop
[36.655s] DEBUG:colcon.colcon_parallel_executor.executor.parallel:loop closed
[36.656s] DEBUG:colcon.colcon_parallel_executor.executor.parallel:run_until_complete finished with '0'
[36.657s] DEBUG:colcon.colcon_core.event_reactor:joining thread
[36.744s] INFO:colcon.colcon_core.plugin_system:Skipping extension 'colcon_notification.desktop_notification.terminal_notifier': Not used on non-Darwin systems
[36.746s] INFO:colcon.colcon_core.plugin_system:Skipping extension 'colcon_notification.desktop_notification.win32': Not used on non-Windows systems
[36.746s] INFO:colcon.colcon_notification.desktop_notification:Sending desktop notification using 'notify2'
[37.105s] DEBUG:colcon.colcon_core.event_reactor:joined thread
[37.106s] INFO:colcon.colcon_core.shell:Creating prefix script '/home/ubuntu/git/rs2/install/local_setup.ps1'
[37.109s] INFO:colcon.colcon_core.shell:Creating prefix util module '/home/ubuntu/git/rs2/install/_local_setup_util_ps1.py'
[37.114s] INFO:colcon.colcon_core.shell:Creating prefix chain script '/home/ubuntu/git/rs2/install/setup.ps1'
[37.119s] INFO:colcon.colcon_core.shell:Creating prefix script '/home/ubuntu/git/rs2/install/local_setup.sh'
[37.127s] INFO:colcon.colcon_core.shell:Creating prefix util module '/home/ubuntu/git/rs2/install/_local_setup_util_sh.py'
[37.128s] INFO:colcon.colcon_core.shell:Creating prefix chain script '/home/ubuntu/git/rs2/install/setup.sh'
[37.136s] INFO:colcon.colcon_core.shell:Creating prefix script '/home/ubuntu/git/rs2/install/local_setup.bash'
[37.140s] INFO:colcon.colcon_core.shell:Creating prefix chain script '/home/ubuntu/git/rs2/install/setup.bash'
[37.145s] INFO:colcon.colcon_core.shell:Creating prefix script '/home/ubuntu/git/rs2/install/local_setup.zsh'
[37.148s] INFO:colcon.colcon_core.shell:Creating prefix chain script '/home/ubuntu/git/rs2/install/setup.zsh'
