[2.733s] DEBUG:colcon:Command line arguments: ['/usr/bin/colcon', 'build']
[2.734s] DEBUG:colcon:Parsed command line arguments: Namespace(log_base=None, log_level=None, verb_name='build', build_base='build', install_base='install', merge_install=False, symlink_install=False, test_result_base=None, continue_on_error=False, executor='parallel', parallel_workers=3, event_handlers=None, ignore_user_meta=False, metas=['./colcon.meta'], base_paths=['.'], packages_ignore=None, packages_ignore_regex=None, paths=None, packages_up_to=None, packages_up_to_regex=None, packages_above=None, packages_above_and_dependencies=None, packages_above_depth=None, packages_select_by_dep=None, packages_skip_by_dep=None, packages_skip_up_to=None, packages_select_build_failed=False, packages_skip_build_finished=False, packages_select_test_failures=False, packages_skip_test_passed=False, packages_select=None, packages_skip=None, packages_select_regex=None, packages_skip_regex=None, packages_start=None, packages_end=None, allow_overriding=[], cmake_args=None, cmake_target=None, cmake_target_skip_unavailable=False, cmake_clean_cache=False, cmake_clean_first=False, cmake_force_configure=False, ament_cmake_args=None, catkin_cmake_args=None, catkin_skip_building_tests=False, mixin_files=None, mixin=None, verb_parser=<colcon_mixin.mixin.mixin_argument.MixinArgumentDecorator object at 0x72b3515e18d0>, verb_extension=<colcon_core.verb.build.BuildVerb object at 0x72b3515e1300>, main=<bound method BuildVerb.main of <colcon_core.verb.build.BuildVerb object at 0x72b3515e1300>>, mixin_verb=('build',))
[4.413s] Level 1:colcon.colcon_core.package_discovery:discover_packages(colcon_meta) check parameters
[4.414s] Level 1:colcon.colcon_core.package_discovery:discover_packages(recursive) check parameters
[4.414s] Level 1:colcon.colcon_core.package_discovery:discover_packages(ignore) check parameters
[4.414s] Level 1:colcon.colcon_core.package_discovery:discover_packages(path) check parameters
[4.414s] Level 1:colcon.colcon_core.package_discovery:discover_packages(colcon_meta) discover
[4.414s] Level 1:colcon.colcon_core.package_discovery:discover_packages(recursive) discover
[4.414s] INFO:colcon.colcon_core.package_discovery:Crawling recursively for packages in '/home/ubuntu/git/rs2'
[4.414s] Level 1:colcon.colcon_core.package_identification:_identify(.) by extensions ['ignore', 'ignore_ament_install']
[4.414s] Level 1:colcon.colcon_core.package_identification:_identify(.) by extension 'ignore'
[4.414s] Level 1:colcon.colcon_core.package_identification:_identify(.) by extension 'ignore_ament_install'
[4.414s] Level 1:colcon.colcon_core.package_identification:_identify(.) by extensions ['colcon_pkg']
[4.414s] Level 1:colcon.colcon_core.package_identification:_identify(.) by extension 'colcon_pkg'
[4.414s] Level 1:colcon.colcon_core.package_identification:_identify(.) by extensions ['colcon_meta']
[4.414s] Level 1:colcon.colcon_core.package_identification:_identify(.) by extension 'colcon_meta'
[4.414s] Level 1:colcon.colcon_core.package_identification:_identify(.) by extensions ['ros']
[4.414s] Level 1:colcon.colcon_core.package_identification:_identify(.) by extension 'ros'
[4.466s] DEBUG:colcon.colcon_core.package_identification:Package '.' with type 'ros.ament_cmake' and name 'rs2'
[4.467s] Level 1:colcon.colcon_core.package_discovery:discover_packages(recursive) using defaults
[4.467s] Level 1:colcon.colcon_core.package_discovery:discover_packages(ignore) discover
[4.467s] Level 1:colcon.colcon_core.package_discovery:discover_packages(ignore) using defaults
[4.467s] Level 1:colcon.colcon_core.package_discovery:discover_packages(path) discover
[4.467s] Level 1:colcon.colcon_core.package_discovery:discover_packages(path) using defaults
[4.629s] Level 1:colcon.colcon_core.package_discovery:discover_packages(prefix_path) check parameters
[4.630s] Level 1:colcon.colcon_core.package_discovery:discover_packages(prefix_path) discover
[4.668s] DEBUG:colcon.colcon_installed_package_information.package_discovery:Found 365 installed packages in /opt/ros/humble
[4.675s] Level 1:colcon.colcon_core.package_discovery:discover_packages(prefix_path) using defaults
[5.358s] Level 5:colcon.colcon_core.verb:set package 'rs2' build argument 'cmake_args' from command line to 'None'
[5.359s] Level 5:colcon.colcon_core.verb:set package 'rs2' build argument 'cmake_target' from command line to 'None'
[5.359s] Level 5:colcon.colcon_core.verb:set package 'rs2' build argument 'cmake_target_skip_unavailable' from command line to 'False'
[5.359s] Level 5:colcon.colcon_core.verb:set package 'rs2' build argument 'cmake_clean_cache' from command line to 'False'
[5.359s] Level 5:colcon.colcon_core.verb:set package 'rs2' build argument 'cmake_clean_first' from command line to 'False'
[5.359s] Level 5:colcon.colcon_core.verb:set package 'rs2' build argument 'cmake_force_configure' from command line to 'False'
[5.360s] Level 5:colcon.colcon_core.verb:set package 'rs2' build argument 'ament_cmake_args' from command line to 'None'
[5.360s] Level 5:colcon.colcon_core.verb:set package 'rs2' build argument 'catkin_cmake_args' from command line to 'None'
[5.360s] Level 5:colcon.colcon_core.verb:set package 'rs2' build argument 'catkin_skip_building_tests' from command line to 'False'
[5.360s] DEBUG:colcon.colcon_core.verb:Building package 'rs2' with the following arguments: {'ament_cmake_args': None, 'build_base': '/home/ubuntu/git/rs2/build/rs2', 'catkin_cmake_args': None, 'catkin_skip_building_tests': False, 'cmake_args': None, 'cmake_clean_cache': False, 'cmake_clean_first': False, 'cmake_force_configure': False, 'cmake_target': None, 'cmake_target_skip_unavailable': False, 'install_base': '/home/ubuntu/git/rs2/install/rs2', 'merge_install': False, 'path': '/home/ubuntu/git/rs2', 'symlink_install': False, 'test_result_base': None}
[5.360s] INFO:colcon.colcon_core.executor:Executing jobs using 'parallel' executor
[5.365s] DEBUG:colcon.colcon_parallel_executor.executor.parallel:run_until_complete
[5.367s] INFO:colcon.colcon_ros.task.ament_cmake.build:Building ROS package in '/home/ubuntu/git/rs2' with build type 'ament_cmake'
[5.374s] INFO:colcon.colcon_cmake.task.cmake.build:Building CMake package in '/home/ubuntu/git/rs2'
[5.437s] INFO:colcon.colcon_core.plugin_system:Skipping extension 'colcon_core.shell.bat': Not used on non-Windows systems
[5.437s] INFO:colcon.colcon_core.shell:Skip shell extension 'powershell' for command environment: Not usable outside of PowerShell
[5.437s] DEBUG:colcon.colcon_core.shell:Skip shell extension 'dsv' for command environment
[5.489s] DEBUG:colcon.colcon_core.event_handler.log_command:Invoking command in '/home/ubuntu/git/rs2/build/rs2': CMAKE_PREFIX_PATH=/opt/ros/humble /usr/bin/cmake --build /home/ubuntu/git/rs2/build/rs2 -- -j3 -l3
[31.930s] DEBUG:colcon.colcon_core.event_handler.log_command:Invoked command in '/home/ubuntu/git/rs2/build/rs2' returned '0': CMAKE_PREFIX_PATH=/opt/ros/humble /usr/bin/cmake --build /home/ubuntu/git/rs2/build/rs2 -- -j3 -l3
[32.019s] DEBUG:colcon.colcon_core.event_handler.log_command:Invoking command in '/home/ubuntu/git/rs2/build/rs2': CMAKE_PREFIX_PATH=/opt/ros/humble /usr/bin/cmake --install /home/ubuntu/git/rs2/build/rs2
[32.137s] Level 1:colcon.colcon_core.environment:create_environment_scripts_only(rs2)
[32.150s] DEBUG:colcon.colcon_core.event_handler.log_command:Invoked command in '/home/ubuntu/git/rs2/build/rs2' returned '0': CMAKE_PREFIX_PATH=/opt/ros/humble /usr/bin/cmake --install /home/ubuntu/git/rs2/build/rs2
[32.255s] Level 1:colcon.colcon_core.environment:checking '/home/ubuntu/git/rs2/install/rs2' for CMake module files
[32.256s] Level 1:colcon.colcon_core.environment:checking '/home/ubuntu/git/rs2/install/rs2' for CMake config files
[32.257s] Level 1:colcon.colcon_core.shell:create_environment_hook('rs2', 'cmake_prefix_path')
[32.259s] INFO:colcon.colcon_core.shell:Creating environment hook '/home/ubuntu/git/rs2/install/rs2/share/rs2/hook/cmake_prefix_path.ps1'
[32.271s] INFO:colcon.colcon_core.shell:Creating environment descriptor '/home/ubuntu/git/rs2/install/rs2/share/rs2/hook/cmake_prefix_path.dsv'
[32.281s] INFO:colcon.colcon_core.shell:Creating environment hook '/home/ubuntu/git/rs2/install/rs2/share/rs2/hook/cmake_prefix_path.sh'
[32.287s] Level 1:colcon.colcon_core.environment:checking '/home/ubuntu/git/rs2/install/rs2/lib'
[32.288s] Level 1:colcon.colcon_core.environment:checking '/home/ubuntu/git/rs2/install/rs2/bin'
[32.289s] Level 1:colcon.colcon_core.environment:checking '/home/ubuntu/git/rs2/install/rs2/lib/pkgconfig/rs2.pc'
[32.289s] Level 1:colcon.colcon_core.environment:checking '/home/ubuntu/git/rs2/install/rs2/lib/python3.10/site-packages'
[32.289s] Level 1:colcon.colcon_core.environment:checking '/home/ubuntu/git/rs2/install/rs2/bin'
[32.290s] INFO:colcon.colcon_core.shell:Creating package script '/home/ubuntu/git/rs2/install/rs2/share/rs2/package.ps1'
[32.295s] INFO:colcon.colcon_core.shell:Creating package descriptor '/home/ubuntu/git/rs2/install/rs2/share/rs2/package.dsv'
[32.308s] INFO:colcon.colcon_core.shell:Creating package script '/home/ubuntu/git/rs2/install/rs2/share/rs2/package.sh'
[32.315s] INFO:colcon.colcon_core.shell:Creating package script '/home/ubuntu/git/rs2/install/rs2/share/rs2/package.bash'
[32.335s] INFO:colcon.colcon_core.shell:Creating package script '/home/ubuntu/git/rs2/install/rs2/share/rs2/package.zsh'
[32.344s] Level 1:colcon.colcon_core.environment:create_file_with_runtime_dependencies(/home/ubuntu/git/rs2/install/rs2/share/colcon-core/packages/rs2)
[32.352s] Level 1:colcon.colcon_core.environment:create_environment_scripts_only(rs2)
[32.354s] Level 1:colcon.colcon_core.environment:checking '/home/ubuntu/git/rs2/install/rs2' for CMake module files
[32.355s] Level 1:colcon.colcon_core.environment:checking '/home/ubuntu/git/rs2/install/rs2' for CMake config files
[32.355s] Level 1:colcon.colcon_core.shell:create_environment_hook('rs2', 'cmake_prefix_path')
[32.356s] INFO:colcon.colcon_core.shell:Creating environment hook '/home/ubuntu/git/rs2/install/rs2/share/rs2/hook/cmake_prefix_path.ps1'
[32.361s] INFO:colcon.colcon_core.shell:Creating environment descriptor '/home/ubuntu/git/rs2/install/rs2/share/rs2/hook/cmake_prefix_path.dsv'
[32.363s] INFO:colcon.colcon_core.shell:Creating environment hook '/home/ubuntu/git/rs2/install/rs2/share/rs2/hook/cmake_prefix_path.sh'
[32.369s] Level 1:colcon.colcon_core.environment:checking '/home/ubuntu/git/rs2/install/rs2/lib'
[32.370s] Level 1:colcon.colcon_core.environment:checking '/home/ubuntu/git/rs2/install/rs2/bin'
[32.370s] Level 1:colcon.colcon_core.environment:checking '/home/ubuntu/git/rs2/install/rs2/lib/pkgconfig/rs2.pc'
[32.370s] Level 1:colcon.colcon_core.environment:checking '/home/ubuntu/git/rs2/install/rs2/lib/python3.10/site-packages'
[32.373s] Level 1:colcon.colcon_core.environment:checking '/home/ubuntu/git/rs2/install/rs2/bin'
[32.374s] INFO:colcon.colcon_core.shell:Creating package script '/home/ubuntu/git/rs2/install/rs2/share/rs2/package.ps1'
[32.377s] INFO:colcon.colcon_core.shell:Creating package descriptor '/home/ubuntu/git/rs2/install/rs2/share/rs2/package.dsv'
[32.386s] INFO:colcon.colcon_core.shell:Creating package script '/home/ubuntu/git/rs2/install/rs2/share/rs2/package.sh'
[32.390s] INFO:colcon.colcon_core.shell:Creating package script '/home/ubuntu/git/rs2/install/rs2/share/rs2/package.bash'
[32.396s] INFO:colcon.colcon_core.shell:Creating package script '/home/ubuntu/git/rs2/install/rs2/share/rs2/package.zsh'
[32.399s] Level 1:colcon.colcon_core.environment:create_file_with_runtime_dependencies(/home/ubuntu/git/rs2/install/rs2/share/colcon-core/packages/rs2)
[32.401s] DEBUG:colcon.colcon_parallel_executor.executor.parallel:closing loop
[32.403s] DEBUG:colcon.colcon_parallel_executor.executor.parallel:loop closed
[32.403s] DEBUG:colcon.colcon_parallel_executor.executor.parallel:run_until_complete finished with '0'
[32.404s] DEBUG:colcon.colcon_core.event_reactor:joining thread
[32.477s] INFO:colcon.colcon_core.plugin_system:Skipping extension 'colcon_notification.desktop_notification.terminal_notifier': Not used on non-Darwin systems
[32.477s] INFO:colcon.colcon_core.plugin_system:Skipping extension 'colcon_notification.desktop_notification.win32': Not used on non-Windows systems
[32.477s] INFO:colcon.colcon_notification.desktop_notification:Sending desktop notification using 'notify2'
[32.791s] DEBUG:colcon.colcon_core.event_reactor:joined thread
[32.791s] INFO:colcon.colcon_core.shell:Creating prefix script '/home/ubuntu/git/rs2/install/local_setup.ps1'
[32.797s] INFO:colcon.colcon_core.shell:Creating prefix util module '/home/ubuntu/git/rs2/install/_local_setup_util_ps1.py'
[32.802s] INFO:colcon.colcon_core.shell:Creating prefix chain script '/home/ubuntu/git/rs2/install/setup.ps1'
[32.807s] INFO:colcon.colcon_core.shell:Creating prefix script '/home/ubuntu/git/rs2/install/local_setup.sh'
[32.813s] INFO:colcon.colcon_core.shell:Creating prefix util module '/home/ubuntu/git/rs2/install/_local_setup_util_sh.py'
[32.821s] INFO:colcon.colcon_core.shell:Creating prefix chain script '/home/ubuntu/git/rs2/install/setup.sh'
[32.827s] INFO:colcon.colcon_core.shell:Creating prefix script '/home/ubuntu/git/rs2/install/local_setup.bash'
[32.833s] INFO:colcon.colcon_core.shell:Creating prefix chain script '/home/ubuntu/git/rs2/install/setup.bash'
[32.838s] INFO:colcon.colcon_core.shell:Creating prefix script '/home/ubuntu/git/rs2/install/local_setup.zsh'
[32.844s] INFO:colcon.colcon_core.shell:Creating prefix chain script '/home/ubuntu/git/rs2/install/setup.zsh'
