[0.059s] Invoking command in '/home/ubuntu/git/rs2/build/rs2': CMAKE_PREFIX_PATH=${CMAKE_PREFIX_PATH}:/opt/ros/humble /usr/bin/cmake --build /home/ubuntu/git/rs2/build/rs2 -- -j3 -l3
[0.387s] [ 20%] [34m[1mAutomatic MOC and UIC for target rs2[0m
[2.371s] [ 20%] Built target rs2_autogen
[2.421s] [35m[1mConsolidate compiler generated dependencies of target rs2[0m
[2.482s] [ 40%] [32mBuilding CXX object CMakeFiles/rs2.dir/rs2_autogen/mocs_compilation.cpp.o[0m
[2.488s] [ 60%] [32mBuilding CXX object CMakeFiles/rs2.dir/src/GUI/GUI.cpp.o[0m
[2.494s] [ 80%] [32mBuilding CXX object CMakeFiles/rs2.dir/src/main.cpp.o[0m
[7.553s] In file included from [01m[K/home/ubuntu/git/rs2/build/rs2/rs2_autogen/RDKJSLABA2/moc_GUI.cpp:10[m[K,
[7.571s]                  from [01m[K/home/ubuntu/git/rs2/build/rs2/rs2_autogen/mocs_compilation.cpp:2[m[K:
[7.571s] [01m[K/home/ubuntu/git/rs2/build/rs2/rs2_autogen/RDKJSLABA2/../../../../src/GUI/GUI.h:36:19:[m[K [01;31m[Kerror: [m[Kexpected ‘[01m[K;[m[K’ at end of member declaration
[7.571s]    36 |     void startGUI([01;31m[K)[m[K
[7.571s]       |                   [01;31m[K^[m[K
[7.571s]       |                    [32m[K;[m[K
[7.941s] In file included from [01m[K/home/ubuntu/git/rs2/src/GUI/GUI.cpp:1[m[K:
[7.943s] [01m[K/home/ubuntu/git/rs2/src/GUI/GUI.h:36:19:[m[K [01;31m[Kerror: [m[Kexpected ‘[01m[K;[m[K’ at end of member declaration
[7.943s]    36 |     void startGUI([01;31m[K)[m[K
[7.943s]       |                   [01;31m[K^[m[K
[7.943s]       |                    [32m[K;[m[K
[8.266s] In file included from [01m[K/home/ubuntu/git/rs2/src/main.cpp:6[m[K:
[8.266s] [01m[K/home/ubuntu/git/rs2/src/GUI/GUI.h:36:19:[m[K [01;31m[Kerror: [m[Kexpected ‘[01m[K;[m[K’ at end of member declaration
[8.266s]    36 |     void startGUI([01;31m[K)[m[K
[8.266s]       |                   [01;31m[K^[m[K
[8.266s]       |                    [32m[K;[m[K
[9.414s] gmake[2]: *** [CMakeFiles/rs2.dir/build.make:90: CMakeFiles/rs2.dir/src/main.cpp.o] Error 1
[9.416s] gmake[2]: *** Waiting for unfinished jobs....
[9.419s] gmake[2]: *** [CMakeFiles/rs2.dir/build.make:76: CMakeFiles/rs2.dir/rs2_autogen/mocs_compilation.cpp.o] Error 1
[10.384s] gmake[2]: *** [CMakeFiles/rs2.dir/build.make:104: CMakeFiles/rs2.dir/src/GUI/GUI.cpp.o] Error 1
[10.384s] gmake[1]: *** [CMakeFiles/Makefile2:138: CMakeFiles/rs2.dir/all] Error 2
[10.384s] gmake: *** [Makefile:146: all] Error 2
[10.404s] Invoked command in '/home/ubuntu/git/rs2/build/rs2' returned '2': CMAKE_PREFIX_PATH=${CMAKE_PREFIX_PATH}:/opt/ros/humble /usr/bin/cmake --build /home/ubuntu/git/rs2/build/rs2 -- -j3 -l3
