[0.049s] Invoking command in '/home/ubuntu/git/rs2/build/rs2': CMAKE_PREFIX_PATH=/opt/ros/humble /usr/bin/cmake --build /home/ubuntu/git/rs2/build/rs2 -- -j3 -l3
[0.860s] [ 20%] [34m[1mAutomatic MOC and UIC for target rs2[0m
[0.959s] [ 20%] Built target rs2_autogen
[1.011s] [35m[1mConsolidate compiler generated dependencies of target rs2[0m
[1.085s] [100%] Built target rs2
[1.121s] Invoked command in '/home/ubuntu/git/rs2/build/rs2' returned '0': CMAKE_PREFIX_PATH=/opt/ros/humble /usr/bin/cmake --build /home/ubuntu/git/rs2/build/rs2 -- -j3 -l3
[1.166s] Invoking command in '/home/ubuntu/git/rs2/build/rs2': CMAKE_PREFIX_PATH=/opt/ros/humble /usr/bin/cmake --install /home/ubuntu/git/rs2/build/rs2
[1.186s] -- Install configuration: ""
[1.198s] -- Up-to-date: /home/ubuntu/git/rs2/install/rs2/lib/rs2/rs2
[1.200s] -- Up-to-date: /home/ubuntu/git/rs2/install/rs2/include/rs2
[1.203s] -- Up-to-date: /home/ubuntu/git/rs2/install/rs2/share/ament_index/resource_index/package_run_dependencies/rs2
[1.210s] -- Up-to-date: /home/ubuntu/git/rs2/install/rs2/share/ament_index/resource_index/parent_prefix_path/rs2
[1.211s] -- Up-to-date: /home/ubuntu/git/rs2/install/rs2/share/rs2/environment/ament_prefix_path.sh
[1.211s] -- Up-to-date: /home/ubuntu/git/rs2/install/rs2/share/rs2/environment/ament_prefix_path.dsv
[1.211s] -- Up-to-date: /home/ubuntu/git/rs2/install/rs2/share/rs2/environment/path.sh
[1.211s] -- Up-to-date: /home/ubuntu/git/rs2/install/rs2/share/rs2/environment/path.dsv
[1.211s] -- Up-to-date: /home/ubuntu/git/rs2/install/rs2/share/rs2/local_setup.bash
[1.211s] -- Up-to-date: /home/ubuntu/git/rs2/install/rs2/share/rs2/local_setup.sh
[1.211s] -- Up-to-date: /home/ubuntu/git/rs2/install/rs2/share/rs2/local_setup.zsh
[1.211s] -- Up-to-date: /home/ubuntu/git/rs2/install/rs2/share/rs2/local_setup.dsv
[1.213s] -- Installing: /home/ubuntu/git/rs2/install/rs2/share/rs2/package.dsv
[1.223s] -- Up-to-date: /home/ubuntu/git/rs2/install/rs2/share/ament_index/resource_index/packages/rs2
[1.223s] -- Up-to-date: /home/ubuntu/git/rs2/install/rs2/share/rs2/cmake/rs2Config.cmake
[1.223s] -- Up-to-date: /home/ubuntu/git/rs2/install/rs2/share/rs2/cmake/rs2Config-version.cmake
[1.223s] -- Up-to-date: /home/ubuntu/git/rs2/install/rs2/share/rs2/package.xml
[1.237s] Invoked command in '/home/ubuntu/git/rs2/build/rs2' returned '0': CMAKE_PREFIX_PATH=/opt/ros/humble /usr/bin/cmake --install /home/ubuntu/git/rs2/build/rs2
