[01m[K/home/ubuntu/git/rs2/src/GUI/GUI.cpp:[m[K In constructor ‘[01m[KGUI::GUI(std::shared_ptr<rclcpp::Node>, QWidget*)[m[K’:
[01m[K/home/ubuntu/git/rs2/src/GUI/GUI.cpp:30:5:[m[K [01;31m[Kerror: [m[K‘[01m[Kdms_pub_[m[K’ was not declared in this scope
   30 |     [01;31m[Kdms_pub_[m[K = node_->create_publisher<std_msgs::msg::Bool>(
      |     [01;31m[K^~~~~~~~[m[K
[01m[K/home/ubuntu/git/rs2/src/GUI/GUI.cpp:33:5:[m[K [01;31m[Kerror: [m[K‘[01m[Kturn_pub_[m[K’ was not declared in this scope
   33 |     [01;31m[Kturn_pub_[m[K = node_->create_publisher<std_msgs::msg::Bool>(
      |     [01;31m[K^~~~~~~~~[m[K
[01m[K/home/ubuntu/git/rs2/src/GUI/GUI.cpp:[m[K In member function ‘[01m[Kvoid GUI::updateMasterControlStatus(bool)[m[K’:
[01m[K/home/ubuntu/git/rs2/src/GUI/GUI.cpp:75:9:[m[K [01;31m[Kerror: [m[K‘[01m[Kmessage[m[K’ was not declared in this scope
   75 |         [01;31m[Kmessage[m[K.data = true;
      |         [01;31m[K^~~~~~~[m[K
[01m[K/home/ubuntu/git/rs2/src/GUI/GUI.cpp:[m[K At global scope:
[01m[K/home/ubuntu/git/rs2/src/GUI/GUI.cpp:81:7:[m[K [01;31m[Kerror: [m[Kexpected unqualified-id before ‘[01m[Kelse[m[K’
   81 |     } [01;31m[Kelse[m[K {
      |       [01;31m[K^~~~[m[K
[01m[K/home/ubuntu/git/rs2/src/GUI/GUI.cpp:90:1:[m[K [01;31m[Kerror: [m[Kexpected declaration before ‘[01m[K}[m[K’ token
   90 | [01;31m[K}[m[K
      | [01;31m[K^[m[K
gmake[2]: *** [CMakeFiles/rs2.dir/build.make:104: CMakeFiles/rs2.dir/src/GUI/GUI.cpp.o] Error 1
gmake[1]: *** [CMakeFiles/Makefile2:138: CMakeFiles/rs2.dir/all] Error 2
gmake: *** [Makefile:146: all] Error 2
