-- Found ament_cmake: 1.3.11 (/opt/ros/humble/share/ament_cmake/cmake)
-- Found rclcpp: 16.0.11 (/opt/ros/humble/share/rclcpp/cmake)
-- Found rosidl_generator_c: 3.1.6 (/opt/ros/humble/share/rosidl_generator_c/cmake)
-- Found rosidl_adapter: 3.1.6 (/opt/ros/humble/share/rosidl_adapter/cmake)
-- Found rosidl_generator_cpp: 3.1.6 (/opt/ros/humble/share/rosidl_generator_cpp/cmake)
-- Using all available rosidl_typesupport_c: rosidl_typesupport_fastrtps_c;rosidl_typesupport_introspection_c
-- Using all available rosidl_typesupport_cpp: rosidl_typesupport_fastrtps_cpp;rosidl_typesupport_introspection_cpp
-- Found rmw_implementation_cmake: 6.1.2 (/opt/ros/humble/share/rmw_implementation_cmake/cmake)
-- Found rmw_fastrtps_cpp: 6.2.7 (/opt/ros/humble/share/rmw_fastrtps_cpp/cmake)
-- Using RMW implementation 'rmw_fastrtps_cpp' as default
-- Configuring done
-- Generating done
-- Build files have been written to: /home/ubuntu/git/rs2/build/rs2
[ 20%] [34m[1mAutomatic MOC and UIC for target rs2[0m

AutoMoc error
-------------
"SRC:/src/GUI/GUI.cpp"
contains a "Q_OBJECT" macro, but does not include "GUI.moc"!
Consider to
  - add #include "GUI.moc"
  - enable SKIP_AUTOMOC for this file

gmake[2]: *** [CMakeFiles/rs2_autogen.dir/build.make:71: CMakeFiles/rs2_autogen] Error 1
gmake[1]: *** [CMakeFiles/Makefile2:164: CMakeFiles/rs2_autogen.dir/all] Error 2
gmake: *** [Makefile:146: all] Error 2
