[0.043s] Invoking command in '/home/ubuntu/git/rs2/build/rs2': CMAKE_PREFIX_PATH=/opt/ros/humble /usr/bin/cmake --build /home/ubuntu/git/rs2/build/rs2 -- -j3 -l3
[0.109s] -- Found ament_cmake: 1.3.11 (/opt/ros/humble/share/ament_cmake/cmake)
[0.391s] -- Found rclcpp: 16.0.11 (/opt/ros/humble/share/rclcpp/cmake)
[0.449s] -- Found rosidl_generator_c: 3.1.6 (/opt/ros/humble/share/rosidl_generator_c/cmake)
[0.454s] -- Found rosidl_adapter: 3.1.6 (/opt/ros/humble/share/rosidl_adapter/cmake)
[0.461s] -- Found rosidl_generator_cpp: 3.1.6 (/opt/ros/humble/share/rosidl_generator_cpp/cmake)
[0.478s] -- Using all available rosidl_typesupport_c: rosidl_typesupport_fastrtps_c;rosidl_typesupport_introspection_c
[0.499s] -- Using all available rosidl_typesupport_cpp: rosidl_typesupport_fastrtps_cpp;rosidl_typesupport_introspection_cpp
[0.554s] -- Found rmw_implementation_cmake: 6.1.2 (/opt/ros/humble/share/rmw_implementation_cmake/cmake)
[0.557s] -- Found rmw_fastrtps_cpp: 6.2.7 (/opt/ros/humble/share/rmw_fastrtps_cpp/cmake)
[0.779s] -- Using RMW implementation 'rmw_fastrtps_cpp' as default
[0.960s] -- Configuring done
[1.046s] -- Generating done
[1.054s] -- Build files have been written to: /home/ubuntu/git/rs2/build/rs2
[1.151s] [ 20%] [34m[1mAutomatic MOC and UIC for target rs2[0m
[1.211s] 
[1.211s] AutoMoc error
[1.211s] -------------
[1.211s] "SRC:/src/GUI/GUI.cpp"
[1.211s] contains a "Q_OBJECT" macro, but does not include "GUI.moc"!
[1.211s] Consider to
[1.215s]   - add #include "GUI.moc"
[1.215s]   - enable SKIP_AUTOMOC for this file
[1.215s] 
[1.216s] gmake[2]: *** [CMakeFiles/rs2_autogen.dir/build.make:71: CMakeFiles/rs2_autogen] Error 1
[1.217s] gmake[1]: *** [CMakeFiles/Makefile2:164: CMakeFiles/rs2_autogen.dir/all] Error 2
[1.217s] gmake: *** [Makefile:146: all] Error 2
[1.225s] Invoked command in '/home/ubuntu/git/rs2/build/rs2' returned '2': CMAKE_PREFIX_PATH=/opt/ros/humble /usr/bin/cmake --build /home/ubuntu/git/rs2/build/rs2 -- -j3 -l3
