-- The C compiler identification is GNU 11.4.0
-- The CXX compiler identification is GNU 11.4.0
-- Detecting C compiler ABI info
-- Detecting C compiler ABI info - done
-- Check for working C compiler: /usr/bin/cc - skipped
-- Detecting C compile features
-- Detecting C compile features - done
-- Detecting CXX compiler ABI info
-- Detecting CXX compiler ABI info - done
-- Check for working CXX compiler: /usr/bin/c++ - skipped
-- Detecting CXX compile features
-- Detecting CXX compile features - done
-- Found ament_cmake: 1.3.11 (/opt/ros/humble/share/ament_cmake/cmake)
-- Found Python3: /usr/bin/python3 (found version "3.10.12") found components: Interpreter 
-- Found rclcpp: 16.0.11 (/opt/ros/humble/share/rclcpp/cmake)
-- Found rosidl_generator_c: 3.1.6 (/opt/ros/humble/share/rosidl_generator_c/cmake)
-- Found rosidl_adapter: 3.1.6 (/opt/ros/humble/share/rosidl_adapter/cmake)
-- Found rosidl_generator_cpp: 3.1.6 (/opt/ros/humble/share/rosidl_generator_cpp/cmake)
-- Using all available rosidl_typesupport_c: rosidl_typesupport_fastrtps_c;rosidl_typesupport_introspection_c
-- Using all available rosidl_typesupport_cpp: rosidl_typesupport_fastrtps_cpp;rosidl_typesupport_introspection_cpp
-- Found rmw_implementation_cmake: 6.1.2 (/opt/ros/humble/share/rmw_implementation_cmake/cmake)
-- Found rmw_fastrtps_cpp: 6.2.7 (/opt/ros/humble/share/rmw_fastrtps_cpp/cmake)
-- Found OpenSSL: /usr/lib/x86_64-linux-gnu/libcrypto.so (found version "3.0.2")  
-- Found FastRTPS: /opt/ros/humble/include  
-- Using RMW implementation 'rmw_fastrtps_cpp' as default
-- Looking for pthread.h
-- Looking for pthread.h - found
-- Performing Test CMAKE_HAVE_LIBC_PTHREAD
-- Performing Test CMAKE_HAVE_LIBC_PTHREAD - Success
-- Found Threads: TRUE  
-- Found rclcpp_components: 16.0.11 (/opt/ros/humble/share/rclcpp_components/cmake)
-- Configuring done
-- Generating done
-- Build files have been written to: /home/ubuntu/git/rs2/build/rs2
[ 20%] [34m[1mAutomatic MOC and UIC for target rs2[0m
[ 20%] Built target rs2_autogen
[ 40%] [32mBuilding CXX object CMakeFiles/rs2.dir/src/main.cpp.o[0m
[ 60%] [32mBuilding CXX object CMakeFiles/rs2.dir/rs2_autogen/mocs_compilation.cpp.o[0m
[ 80%] [32mBuilding CXX object CMakeFiles/rs2.dir/src/GUI/GUI.cpp.o[0m
[100%] [32m[1mLinking CXX executable rs2[0m
[100%] Built target rs2
-- Install configuration: ""
-- Installing: /home/ubuntu/git/rs2/install/rs2/lib/rs2/rs2
-- Set runtime path of "/home/ubuntu/git/rs2/install/rs2/lib/rs2/rs2" to ""
-- Up-to-date: /home/ubuntu/git/rs2/install/rs2/include/rs2
-- Installing: /home/ubuntu/git/rs2/install/rs2/share/ament_index/resource_index/package_run_dependencies/rs2
-- Installing: /home/ubuntu/git/rs2/install/rs2/share/ament_index/resource_index/parent_prefix_path/rs2
-- Up-to-date: /home/ubuntu/git/rs2/install/rs2/share/rs2/environment/ament_prefix_path.sh
-- Installing: /home/ubuntu/git/rs2/install/rs2/share/rs2/environment/ament_prefix_path.dsv
-- Up-to-date: /home/ubuntu/git/rs2/install/rs2/share/rs2/environment/path.sh
-- Installing: /home/ubuntu/git/rs2/install/rs2/share/rs2/environment/path.dsv
-- Installing: /home/ubuntu/git/rs2/install/rs2/share/rs2/local_setup.bash
-- Installing: /home/ubuntu/git/rs2/install/rs2/share/rs2/local_setup.sh
-- Installing: /home/ubuntu/git/rs2/install/rs2/share/rs2/local_setup.zsh
-- Installing: /home/ubuntu/git/rs2/install/rs2/share/rs2/local_setup.dsv
-- Installing: /home/ubuntu/git/rs2/install/rs2/share/rs2/package.dsv
-- Installing: /home/ubuntu/git/rs2/install/rs2/share/ament_index/resource_index/packages/rs2
-- Installing: /home/ubuntu/git/rs2/install/rs2/share/rs2/cmake/rs2Config.cmake
-- Installing: /home/ubuntu/git/rs2/install/rs2/share/rs2/cmake/rs2Config-version.cmake
-- Up-to-date: /home/ubuntu/git/rs2/install/rs2/share/rs2/package.xml
