[0.074s] Invoking command in '/home/ubuntu/git/rs2/build/rs2': CMAKE_PREFIX_PATH=${CMAKE_PREFIX_PATH}:/opt/ros/humble /usr/bin/cmake /home/ubuntu/git/rs2 -DCMAKE_INSTALL_PREFIX=/home/ubuntu/git/rs2/install/rs2
[0.822s] -- The C compiler identification is GNU 11.4.0
[1.075s] -- The CXX compiler identification is GNU 11.4.0
[1.148s] -- Detecting C compiler ABI info
[1.465s] -- Detecting C compiler ABI info - done
[1.486s] -- Check for working C compiler: /usr/bin/cc - skipped
[1.491s] -- Detecting C compile features
[1.500s] -- Detecting C compile features - done
[1.517s] -- Detecting CXX compiler ABI info
[1.810s] -- Detecting CXX compiler ABI info - done
[1.833s] -- Check for working CXX compiler: /usr/bin/c++ - skipped
[1.833s] -- Detecting CXX compile features
[1.834s] -- Detecting CXX compile features - done
[1.939s] -- Found ament_cmake: 1.3.11 (/opt/ros/humble/share/ament_cmake/cmake)
[2.400s] -- Found Python3: /usr/bin/python3 (found version "3.10.12") found components: Interpreter 
[2.912s] -- Found rclcpp: 16.0.11 (/opt/ros/humble/share/rclcpp/cmake)
[3.237s] -- Found rosidl_generator_c: 3.1.6 (/opt/ros/humble/share/rosidl_generator_c/cmake)
[3.274s] -- Found rosidl_adapter: 3.1.6 (/opt/ros/humble/share/rosidl_adapter/cmake)
[3.338s] -- Found rosidl_generator_cpp: 3.1.6 (/opt/ros/humble/share/rosidl_generator_cpp/cmake)
[3.448s] -- Using all available rosidl_typesupport_c: rosidl_typesupport_fastrtps_c;rosidl_typesupport_introspection_c
[3.566s] -- Using all available rosidl_typesupport_cpp: rosidl_typesupport_fastrtps_cpp;rosidl_typesupport_introspection_cpp
[3.888s] -- Found rmw_implementation_cmake: 6.1.2 (/opt/ros/humble/share/rmw_implementation_cmake/cmake)
[3.914s] -- Found rmw_fastrtps_cpp: 6.2.7 (/opt/ros/humble/share/rmw_fastrtps_cpp/cmake)
[4.443s] -- Found OpenSSL: /usr/lib/x86_64-linux-gnu/libcrypto.so (found version "3.0.2")  
[4.548s] -- Found FastRTPS: /opt/ros/humble/include  
[4.689s] -- Using RMW implementation 'rmw_fastrtps_cpp' as default
[4.752s] -- Looking for pthread.h
[5.068s] -- Looking for pthread.h - found
[5.069s] -- Performing Test CMAKE_HAVE_LIBC_PTHREAD
[5.430s] -- Performing Test CMAKE_HAVE_LIBC_PTHREAD - Success
[5.438s] -- Found Threads: TRUE  
[5.803s] -- Found rclcpp_components: 16.0.11 (/opt/ros/humble/share/rclcpp_components/cmake)
[6.305s] -- Configuring done
[6.530s] -- Generating done
[6.541s] -- Build files have been written to: /home/ubuntu/git/rs2/build/rs2
[6.620s] Invoked command in '/home/ubuntu/git/rs2/build/rs2' returned '0': CMAKE_PREFIX_PATH=${CMAKE_PREFIX_PATH}:/opt/ros/humble /usr/bin/cmake /home/ubuntu/git/rs2 -DCMAKE_INSTALL_PREFIX=/home/ubuntu/git/rs2/install/rs2
[6.626s] Invoking command in '/home/ubuntu/git/rs2/build/rs2': CMAKE_PREFIX_PATH=${CMAKE_PREFIX_PATH}:/opt/ros/humble /usr/bin/cmake --build /home/ubuntu/git/rs2/build/rs2 -- -j3 -l3
[6.822s] [ 20%] [34m[1mAutomatic MOC and UIC for target rs2[0m
[7.951s] [ 20%] Built target rs2_autogen
[8.024s] [ 40%] [32mBuilding CXX object CMakeFiles/rs2.dir/src/main.cpp.o[0m
[8.029s] [ 60%] [32mBuilding CXX object CMakeFiles/rs2.dir/rs2_autogen/mocs_compilation.cpp.o[0m
[8.030s] [ 80%] [32mBuilding CXX object CMakeFiles/rs2.dir/src/GUI/GUI.cpp.o[0m
[20.440s] [100%] [32m[1mLinking CXX executable rs2[0m
[23.151s] [100%] Built target rs2
[23.944s] Invoked command in '/home/ubuntu/git/rs2/build/rs2' returned '0': CMAKE_PREFIX_PATH=${CMAKE_PREFIX_PATH}:/opt/ros/humble /usr/bin/cmake --build /home/ubuntu/git/rs2/build/rs2 -- -j3 -l3
[24.527s] Invoking command in '/home/ubuntu/git/rs2/build/rs2': CMAKE_PREFIX_PATH=${CMAKE_PREFIX_PATH}:/opt/ros/humble /usr/bin/cmake --install /home/ubuntu/git/rs2/build/rs2
[24.658s] -- Install configuration: ""
[24.696s] -- Installing: /home/ubuntu/git/rs2/install/rs2/lib/rs2/rs2
[24.705s] -- Set runtime path of "/home/ubuntu/git/rs2/install/rs2/lib/rs2/rs2" to ""
[24.705s] -- Up-to-date: /home/ubuntu/git/rs2/install/rs2/include/rs2
[24.705s] -- Installing: /home/ubuntu/git/rs2/install/rs2/share/ament_index/resource_index/package_run_dependencies/rs2
[24.705s] -- Installing: /home/ubuntu/git/rs2/install/rs2/share/ament_index/resource_index/parent_prefix_path/rs2
[24.712s] -- Up-to-date: /home/ubuntu/git/rs2/install/rs2/share/rs2/environment/ament_prefix_path.sh
[24.712s] -- Installing: /home/ubuntu/git/rs2/install/rs2/share/rs2/environment/ament_prefix_path.dsv
[24.712s] -- Up-to-date: /home/ubuntu/git/rs2/install/rs2/share/rs2/environment/path.sh
[24.712s] -- Installing: /home/ubuntu/git/rs2/install/rs2/share/rs2/environment/path.dsv
[24.712s] -- Installing: /home/ubuntu/git/rs2/install/rs2/share/rs2/local_setup.bash
[24.712s] -- Installing: /home/ubuntu/git/rs2/install/rs2/share/rs2/local_setup.sh
[24.713s] -- Installing: /home/ubuntu/git/rs2/install/rs2/share/rs2/local_setup.zsh
[24.720s] -- Installing: /home/ubuntu/git/rs2/install/rs2/share/rs2/local_setup.dsv
[24.721s] -- Installing: /home/ubuntu/git/rs2/install/rs2/share/rs2/package.dsv
[24.721s] -- Installing: /home/ubuntu/git/rs2/install/rs2/share/ament_index/resource_index/packages/rs2
[24.721s] -- Installing: /home/ubuntu/git/rs2/install/rs2/share/rs2/cmake/rs2Config.cmake
[24.737s] -- Installing: /home/ubuntu/git/rs2/install/rs2/share/rs2/cmake/rs2Config-version.cmake
[24.752s] -- Up-to-date: /home/ubuntu/git/rs2/install/rs2/share/rs2/package.xml
[24.752s] Invoked command in '/home/ubuntu/git/rs2/build/rs2' returned '0': CMAKE_PREFIX_PATH=${CMAKE_PREFIX_PATH}:/opt/ros/humble /usr/bin/cmake --install /home/ubuntu/git/rs2/build/rs2
