[0.076s] Invoking command in '/home/ubuntu/git/rs2/build/rs2': CMAKE_PREFIX_PATH=${CMAKE_PREFIX_PATH}:/opt/ros/humble /usr/bin/cmake --build /home/ubuntu/git/rs2/build/rs2 -- -j3 -l3
[0.372s] [ 20%] [34m[1mAutomatic MOC and UIC for target rs2[0m
[0.470s] [ 20%] Built target rs2_autogen
[0.524s] [35m[1mConsolidate compiler generated dependencies of target rs2[0m
[0.623s] [ 40%] [32mBuilding CXX object CMakeFiles/rs2.dir/src/GUI/GUI.cpp.o[0m
[10.006s] [ 60%] [32m[1mLinking CXX executable rs2[0m
[12.417s] [100%] Built target rs2
[12.442s] Invoked command in '/home/ubuntu/git/rs2/build/rs2' returned '0': CMAKE_PREFIX_PATH=${CMAKE_PREFIX_PATH}:/opt/ros/humble /usr/bin/cmake --build /home/ubuntu/git/rs2/build/rs2 -- -j3 -l3
[12.470s] Invoking command in '/home/ubuntu/git/rs2/build/rs2': CMAKE_PREFIX_PATH=${CMAKE_PREFIX_PATH}:/opt/ros/humble /usr/bin/cmake --install /home/ubuntu/git/rs2/build/rs2
[12.484s] -- Install configuration: ""
[12.485s] -- Installing: /home/ubuntu/git/rs2/install/rs2/lib/rs2/rs2
[12.488s] -- Set runtime path of "/home/ubuntu/git/rs2/install/rs2/lib/rs2/rs2" to ""
[12.488s] -- Up-to-date: /home/ubuntu/git/rs2/install/rs2/include/rs2
[12.488s] -- Up-to-date: /home/ubuntu/git/rs2/install/rs2/share/ament_index/resource_index/package_run_dependencies/rs2
[12.491s] -- Up-to-date: /home/ubuntu/git/rs2/install/rs2/share/ament_index/resource_index/parent_prefix_path/rs2
[12.492s] -- Up-to-date: /home/ubuntu/git/rs2/install/rs2/share/rs2/environment/ament_prefix_path.sh
[12.492s] -- Up-to-date: /home/ubuntu/git/rs2/install/rs2/share/rs2/environment/ament_prefix_path.dsv
[12.492s] -- Up-to-date: /home/ubuntu/git/rs2/install/rs2/share/rs2/environment/path.sh
[12.492s] -- Up-to-date: /home/ubuntu/git/rs2/install/rs2/share/rs2/environment/path.dsv
[12.492s] -- Up-to-date: /home/ubuntu/git/rs2/install/rs2/share/rs2/local_setup.bash
[12.493s] -- Up-to-date: /home/ubuntu/git/rs2/install/rs2/share/rs2/local_setup.sh
[12.495s] -- Up-to-date: /home/ubuntu/git/rs2/install/rs2/share/rs2/local_setup.zsh
[12.497s] -- Up-to-date: /home/ubuntu/git/rs2/install/rs2/share/rs2/local_setup.dsv
[12.497s] -- Installing: /home/ubuntu/git/rs2/install/rs2/share/rs2/package.dsv
[12.497s] -- Up-to-date: /home/ubuntu/git/rs2/install/rs2/share/ament_index/resource_index/packages/rs2
[12.497s] -- Up-to-date: /home/ubuntu/git/rs2/install/rs2/share/rs2/cmake/rs2Config.cmake
[12.498s] -- Up-to-date: /home/ubuntu/git/rs2/install/rs2/share/rs2/cmake/rs2Config-version.cmake
[12.498s] -- Up-to-date: /home/ubuntu/git/rs2/install/rs2/share/rs2/package.xml
[12.498s] Invoked command in '/home/ubuntu/git/rs2/build/rs2' returned '0': CMAKE_PREFIX_PATH=${CMAKE_PREFIX_PATH}:/opt/ros/humble /usr/bin/cmake --install /home/ubuntu/git/rs2/build/rs2
