[ 20%] [34m[1mAutomatic MOC and UIC for target rs2[0m
[ 20%] Built target rs2_autogen
[35m[1mConsolidate compiler generated dependencies of target rs2[0m
[ 40%] [32mBuilding CXX object CMakeFiles/rs2.dir/src/main.cpp.o[0m
[ 60%] [32mBuilding CXX object CMakeFiles/rs2.dir/rs2_autogen/mocs_compilation.cpp.o[0m
[ 80%] [32mBuilding CXX object CMakeFiles/rs2.dir/src/GUI/GUI.cpp.o[0m
[01m[K/home/ubuntu/git/rs2/src/GUI/GUI.cpp:[m[K In member function ‘[01m[Kvoid GUI::toggleTurn()[m[K’:
[01m[K/home/ubuntu/git/rs2/src/GUI/GUI.cpp:109:19:[m[K [01;31m[Kerror: [m[Kexpected ‘[01m[K;[m[K’ before ‘[01m[K}[m[K’ token
  109 |     updateStatus()
      |                   [01;31m[K^[m[K
      |                   [32m[K;[m[K
  110 | [32m[K}[m[K
      | [32m[K~[m[K                  
[01m[K/home/ubuntu/git/rs2/src/GUI/GUI.cpp:[m[K In member function ‘[01m[Kvoid GUI::toggleEStop()[m[K’:
[01m[K/home/ubuntu/git/rs2/src/GUI/GUI.cpp:133:19:[m[K [01;31m[Kerror: [m[Kexpected ‘[01m[K;[m[K’ before ‘[01m[K}[m[K’ token
  133 |     updateStatus()
      |                   [01;31m[K^[m[K
      |                   [32m[K;[m[K
  134 | [32m[K}[m[K
      | [32m[K~[m[K                  
gmake[2]: *** [CMakeFiles/rs2.dir/build.make:104: CMakeFiles/rs2.dir/src/GUI/GUI.cpp.o] Error 1
gmake[1]: *** [CMakeFiles/Makefile2:138: CMakeFiles/rs2.dir/all] Error 2
gmake: *** [Makefile:146: all] Error 2
