[0.187s] DEBUG:colcon:Command line arguments: ['/usr/bin/colcon', 'build']
[0.187s] DEBUG:colcon:Parsed command line arguments: Namespace(log_base=None, log_level=None, verb_name='build', build_base='build', install_base='install', merge_install=False, symlink_install=False, test_result_base=None, continue_on_error=False, executor='parallel', parallel_workers=3, event_handlers=None, ignore_user_meta=False, metas=['./colcon.meta'], base_paths=['.'], packages_ignore=None, packages_ignore_regex=None, paths=None, packages_up_to=None, packages_up_to_regex=None, packages_above=None, packages_above_and_dependencies=None, packages_above_depth=None, packages_select_by_dep=None, packages_skip_by_dep=None, packages_skip_up_to=None, packages_select_build_failed=False, packages_skip_build_finished=False, packages_select_test_failures=False, packages_skip_test_passed=False, packages_select=None, packages_skip=None, packages_select_regex=None, packages_skip_regex=None, packages_start=None, packages_end=None, allow_overriding=[], cmake_args=None, cmake_target=None, cmake_target_skip_unavailable=False, cmake_clean_cache=False, cmake_clean_first=False, cmake_force_configure=False, ament_cmake_args=None, catkin_cmake_args=None, catkin_skip_building_tests=False, mixin_files=None, mixin=None, verb_parser=<colcon_mixin.mixin.mixin_argument.MixinArgumentDecorator object at 0x7e9faf85d570>, verb_extension=<colcon_core.verb.build.BuildVerb object at 0x7e9faf85cfa0>, main=<bound method BuildVerb.main of <colcon_core.verb.build.BuildVerb object at 0x7e9faf85cfa0>>, mixin_verb=('build',))
[0.506s] Level 1:colcon.colcon_core.package_discovery:discover_packages(colcon_meta) check parameters
[0.507s] Level 1:colcon.colcon_core.package_discovery:discover_packages(recursive) check parameters
[0.508s] Level 1:colcon.colcon_core.package_discovery:discover_packages(ignore) check parameters
[0.508s] Level 1:colcon.colcon_core.package_discovery:discover_packages(path) check parameters
[0.508s] Level 1:colcon.colcon_core.package_discovery:discover_packages(colcon_meta) discover
[0.508s] Level 1:colcon.colcon_core.package_discovery:discover_packages(recursive) discover
[0.508s] INFO:colcon.colcon_core.package_discovery:Crawling recursively for packages in '/home/ubuntu/git/rs2'
[0.508s] Level 1:colcon.colcon_core.package_identification:_identify(.) by extensions ['ignore', 'ignore_ament_install']
[0.509s] Level 1:colcon.colcon_core.package_identification:_identify(.) by extension 'ignore'
[0.509s] Level 1:colcon.colcon_core.package_identification:_identify(.) by extension 'ignore_ament_install'
[0.509s] Level 1:colcon.colcon_core.package_identification:_identify(.) by extensions ['colcon_pkg']
[0.509s] Level 1:colcon.colcon_core.package_identification:_identify(.) by extension 'colcon_pkg'
[0.510s] Level 1:colcon.colcon_core.package_identification:_identify(.) by extensions ['colcon_meta']
[0.510s] Level 1:colcon.colcon_core.package_identification:_identify(.) by extension 'colcon_meta'
[0.510s] Level 1:colcon.colcon_core.package_identification:_identify(.) by extensions ['ros']
[0.510s] Level 1:colcon.colcon_core.package_identification:_identify(.) by extension 'ros'
[0.554s] DEBUG:colcon.colcon_core.package_identification:Package '.' with type 'ros.ament_cmake' and name 'rs2'
[0.554s] Level 1:colcon.colcon_core.package_discovery:discover_packages(recursive) using defaults
[0.554s] Level 1:colcon.colcon_core.package_discovery:discover_packages(ignore) discover
[0.554s] Level 1:colcon.colcon_core.package_discovery:discover_packages(ignore) using defaults
[0.555s] Level 1:colcon.colcon_core.package_discovery:discover_packages(path) discover
[0.555s] Level 1:colcon.colcon_core.package_discovery:discover_packages(path) using defaults
[0.618s] Level 1:colcon.colcon_core.package_discovery:discover_packages(prefix_path) check parameters
[0.619s] Level 1:colcon.colcon_core.package_discovery:discover_packages(prefix_path) discover
[0.625s] DEBUG:colcon.colcon_installed_package_information.package_discovery:Found 1 installed packages in /home/ubuntu/ros2_ws/src/rs2/install
[0.629s] DEBUG:colcon.colcon_installed_package_information.package_discovery:Found 365 installed packages in /opt/ros/humble
[0.631s] Level 1:colcon.colcon_core.package_discovery:discover_packages(prefix_path) using defaults
[0.709s] Level 5:colcon.colcon_core.verb:set package 'rs2' build argument 'cmake_args' from command line to 'None'
[0.710s] Level 5:colcon.colcon_core.verb:set package 'rs2' build argument 'cmake_target' from command line to 'None'
[0.710s] Level 5:colcon.colcon_core.verb:set package 'rs2' build argument 'cmake_target_skip_unavailable' from command line to 'False'
[0.710s] Level 5:colcon.colcon_core.verb:set package 'rs2' build argument 'cmake_clean_cache' from command line to 'False'
[0.710s] Level 5:colcon.colcon_core.verb:set package 'rs2' build argument 'cmake_clean_first' from command line to 'False'
[0.710s] Level 5:colcon.colcon_core.verb:set package 'rs2' build argument 'cmake_force_configure' from command line to 'False'
[0.710s] Level 5:colcon.colcon_core.verb:set package 'rs2' build argument 'ament_cmake_args' from command line to 'None'
[0.710s] Level 5:colcon.colcon_core.verb:set package 'rs2' build argument 'catkin_cmake_args' from command line to 'None'
[0.710s] Level 5:colcon.colcon_core.verb:set package 'rs2' build argument 'catkin_skip_building_tests' from command line to 'False'
[0.710s] DEBUG:colcon.colcon_core.verb:Building package 'rs2' with the following arguments: {'ament_cmake_args': None, 'build_base': '/home/ubuntu/git/rs2/build/rs2', 'catkin_cmake_args': None, 'catkin_skip_building_tests': False, 'cmake_args': None, 'cmake_clean_cache': False, 'cmake_clean_first': False, 'cmake_force_configure': False, 'cmake_target': None, 'cmake_target_skip_unavailable': False, 'install_base': '/home/ubuntu/git/rs2/install/rs2', 'merge_install': False, 'path': '/home/ubuntu/git/rs2', 'symlink_install': False, 'test_result_base': None}
[0.711s] INFO:colcon.colcon_core.executor:Executing jobs using 'parallel' executor
[0.715s] DEBUG:colcon.colcon_parallel_executor.executor.parallel:run_until_complete
[0.716s] INFO:colcon.colcon_ros.task.ament_cmake.build:Building ROS package in '/home/ubuntu/git/rs2' with build type 'ament_cmake'
[0.716s] INFO:colcon.colcon_cmake.task.cmake.build:Building CMake package in '/home/ubuntu/git/rs2'
[0.723s] INFO:colcon.colcon_core.plugin_system:Skipping extension 'colcon_core.shell.bat': Not used on non-Windows systems
[0.723s] INFO:colcon.colcon_core.shell:Skip shell extension 'powershell' for command environment: Not usable outside of PowerShell
[0.724s] DEBUG:colcon.colcon_core.shell:Skip shell extension 'dsv' for command environment
[0.762s] DEBUG:colcon.colcon_core.event_handler.log_command:Invoking command in '/home/ubuntu/git/rs2/build/rs2': CMAKE_PREFIX_PATH=${CMAKE_PREFIX_PATH}:/opt/ros/humble /usr/bin/cmake --build /home/ubuntu/git/rs2/build/rs2 -- -j3 -l3
[1.268s] DEBUG:colcon.colcon_core.event_handler.log_command:Invoked command in '/home/ubuntu/git/rs2/build/rs2' returned '0': CMAKE_PREFIX_PATH=${CMAKE_PREFIX_PATH}:/opt/ros/humble /usr/bin/cmake --build /home/ubuntu/git/rs2/build/rs2 -- -j3 -l3
[1.316s] DEBUG:colcon.colcon_core.event_handler.log_command:Invoking command in '/home/ubuntu/git/rs2/build/rs2': CMAKE_PREFIX_PATH=${CMAKE_PREFIX_PATH}:/opt/ros/humble /usr/bin/cmake --install /home/ubuntu/git/rs2/build/rs2
[1.348s] Level 1:colcon.colcon_core.environment:create_environment_scripts_only(rs2)
[1.350s] DEBUG:colcon.colcon_core.event_handler.log_command:Invoked command in '/home/ubuntu/git/rs2/build/rs2' returned '0': CMAKE_PREFIX_PATH=${CMAKE_PREFIX_PATH}:/opt/ros/humble /usr/bin/cmake --install /home/ubuntu/git/rs2/build/rs2
[1.358s] Level 1:colcon.colcon_core.environment:checking '/home/ubuntu/git/rs2/install/rs2' for CMake module files
[1.360s] Level 1:colcon.colcon_core.environment:checking '/home/ubuntu/git/rs2/install/rs2' for CMake config files
[1.361s] Level 1:colcon.colcon_core.shell:create_environment_hook('rs2', 'cmake_prefix_path')
[1.362s] INFO:colcon.colcon_core.shell:Creating environment hook '/home/ubuntu/git/rs2/install/rs2/share/rs2/hook/cmake_prefix_path.ps1'
[1.365s] INFO:colcon.colcon_core.shell:Creating environment descriptor '/home/ubuntu/git/rs2/install/rs2/share/rs2/hook/cmake_prefix_path.dsv'
[1.367s] INFO:colcon.colcon_core.shell:Creating environment hook '/home/ubuntu/git/rs2/install/rs2/share/rs2/hook/cmake_prefix_path.sh'
[1.369s] Level 1:colcon.colcon_core.environment:checking '/home/ubuntu/git/rs2/install/rs2/lib'
[1.370s] Level 1:colcon.colcon_core.environment:checking '/home/ubuntu/git/rs2/install/rs2/bin'
[1.370s] Level 1:colcon.colcon_core.environment:checking '/home/ubuntu/git/rs2/install/rs2/lib/pkgconfig/rs2.pc'
[1.370s] Level 1:colcon.colcon_core.environment:checking '/home/ubuntu/git/rs2/install/rs2/lib/python3.10/site-packages'
[1.371s] Level 1:colcon.colcon_core.environment:checking '/home/ubuntu/git/rs2/install/rs2/bin'
[1.372s] INFO:colcon.colcon_core.shell:Creating package script '/home/ubuntu/git/rs2/install/rs2/share/rs2/package.ps1'
[1.377s] INFO:colcon.colcon_core.shell:Creating package descriptor '/home/ubuntu/git/rs2/install/rs2/share/rs2/package.dsv'
[1.381s] INFO:colcon.colcon_core.shell:Creating package script '/home/ubuntu/git/rs2/install/rs2/share/rs2/package.sh'
[1.384s] INFO:colcon.colcon_core.shell:Creating package script '/home/ubuntu/git/rs2/install/rs2/share/rs2/package.bash'
[1.387s] INFO:colcon.colcon_core.shell:Creating package script '/home/ubuntu/git/rs2/install/rs2/share/rs2/package.zsh'
[1.389s] Level 1:colcon.colcon_core.environment:create_file_with_runtime_dependencies(/home/ubuntu/git/rs2/install/rs2/share/colcon-core/packages/rs2)
[1.391s] Level 1:colcon.colcon_core.environment:create_environment_scripts_only(rs2)
[1.392s] Level 1:colcon.colcon_core.environment:checking '/home/ubuntu/git/rs2/install/rs2' for CMake module files
[1.392s] Level 1:colcon.colcon_core.environment:checking '/home/ubuntu/git/rs2/install/rs2' for CMake config files
[1.393s] Level 1:colcon.colcon_core.shell:create_environment_hook('rs2', 'cmake_prefix_path')
[1.393s] INFO:colcon.colcon_core.shell:Creating environment hook '/home/ubuntu/git/rs2/install/rs2/share/rs2/hook/cmake_prefix_path.ps1'
[1.396s] INFO:colcon.colcon_core.shell:Creating environment descriptor '/home/ubuntu/git/rs2/install/rs2/share/rs2/hook/cmake_prefix_path.dsv'
[1.398s] INFO:colcon.colcon_core.shell:Creating environment hook '/home/ubuntu/git/rs2/install/rs2/share/rs2/hook/cmake_prefix_path.sh'
[1.402s] Level 1:colcon.colcon_core.environment:checking '/home/ubuntu/git/rs2/install/rs2/lib'
[1.403s] Level 1:colcon.colcon_core.environment:checking '/home/ubuntu/git/rs2/install/rs2/bin'
[1.403s] Level 1:colcon.colcon_core.environment:checking '/home/ubuntu/git/rs2/install/rs2/lib/pkgconfig/rs2.pc'
[1.404s] Level 1:colcon.colcon_core.environment:checking '/home/ubuntu/git/rs2/install/rs2/lib/python3.10/site-packages'
[1.404s] Level 1:colcon.colcon_core.environment:checking '/home/ubuntu/git/rs2/install/rs2/bin'
[1.406s] INFO:colcon.colcon_core.shell:Creating package script '/home/ubuntu/git/rs2/install/rs2/share/rs2/package.ps1'
[1.409s] INFO:colcon.colcon_core.shell:Creating package descriptor '/home/ubuntu/git/rs2/install/rs2/share/rs2/package.dsv'
[1.413s] INFO:colcon.colcon_core.shell:Creating package script '/home/ubuntu/git/rs2/install/rs2/share/rs2/package.sh'
[1.415s] INFO:colcon.colcon_core.shell:Creating package script '/home/ubuntu/git/rs2/install/rs2/share/rs2/package.bash'
[1.417s] INFO:colcon.colcon_core.shell:Creating package script '/home/ubuntu/git/rs2/install/rs2/share/rs2/package.zsh'
[1.418s] Level 1:colcon.colcon_core.environment:create_file_with_runtime_dependencies(/home/ubuntu/git/rs2/install/rs2/share/colcon-core/packages/rs2)
[1.422s] DEBUG:colcon.colcon_parallel_executor.executor.parallel:closing loop
[1.422s] DEBUG:colcon.colcon_parallel_executor.executor.parallel:loop closed
[1.422s] DEBUG:colcon.colcon_parallel_executor.executor.parallel:run_until_complete finished with '0'
[1.422s] DEBUG:colcon.colcon_core.event_reactor:joining thread
[1.445s] INFO:colcon.colcon_core.plugin_system:Skipping extension 'colcon_notification.desktop_notification.terminal_notifier': Not used on non-Darwin systems
[1.446s] INFO:colcon.colcon_core.plugin_system:Skipping extension 'colcon_notification.desktop_notification.win32': Not used on non-Windows systems
[1.446s] INFO:colcon.colcon_notification.desktop_notification:Sending desktop notification using 'notify2'
[1.492s] DEBUG:colcon.colcon_core.event_reactor:joined thread
[1.493s] INFO:colcon.colcon_core.shell:Creating prefix script '/home/ubuntu/git/rs2/install/local_setup.ps1'
[1.496s] INFO:colcon.colcon_core.shell:Creating prefix util module '/home/ubuntu/git/rs2/install/_local_setup_util_ps1.py'
[1.502s] INFO:colcon.colcon_core.shell:Creating prefix chain script '/home/ubuntu/git/rs2/install/setup.ps1'
[1.508s] INFO:colcon.colcon_core.shell:Creating prefix script '/home/ubuntu/git/rs2/install/local_setup.sh'
[1.511s] INFO:colcon.colcon_core.shell:Creating prefix util module '/home/ubuntu/git/rs2/install/_local_setup_util_sh.py'
[1.513s] INFO:colcon.colcon_core.shell:Creating prefix chain script '/home/ubuntu/git/rs2/install/setup.sh'
[1.517s] INFO:colcon.colcon_core.shell:Creating prefix script '/home/ubuntu/git/rs2/install/local_setup.bash'
[1.519s] INFO:colcon.colcon_core.shell:Creating prefix chain script '/home/ubuntu/git/rs2/install/setup.bash'
[1.522s] INFO:colcon.colcon_core.shell:Creating prefix script '/home/ubuntu/git/rs2/install/local_setup.zsh'
[1.524s] INFO:colcon.colcon_core.shell:Creating prefix chain script '/home/ubuntu/git/rs2/install/setup.zsh'
