[0.043s] Invoking command in '/home/ubuntu/git/rs2/build/rs2': CMAKE_PREFIX_PATH=${CMAKE_PREFIX_PATH}:/opt/ros/humble /usr/bin/cmake --build /home/ubuntu/git/rs2/build/rs2 -- -j3 -l3
[0.271s] [ 20%] [34m[1mAutomatic MOC and UIC for target rs2[0m
[0.346s] [ 20%] Built target rs2_autogen
[0.395s] [35m[1mConsolidate compiler generated dependencies of target rs2[0m
[0.491s] [100%] Built target rs2
[0.549s] Invoked command in '/home/ubuntu/git/rs2/build/rs2' returned '0': CMAKE_PREFIX_PATH=${CMAKE_PREFIX_PATH}:/opt/ros/humble /usr/bin/cmake --build /home/ubuntu/git/rs2/build/rs2 -- -j3 -l3
[0.597s] Invoking command in '/home/ubuntu/git/rs2/build/rs2': CMAKE_PREFIX_PATH=${CMAKE_PREFIX_PATH}:/opt/ros/humble /usr/bin/cmake --install /home/ubuntu/git/rs2/build/rs2
[0.610s] -- Install configuration: ""
[0.613s] -- Up-to-date: /home/ubuntu/git/rs2/install/rs2/lib/rs2/rs2
[0.618s] -- Up-to-date: /home/ubuntu/git/rs2/install/rs2/include/rs2
[0.618s] -- Up-to-date: /home/ubuntu/git/rs2/install/rs2/share/ament_index/resource_index/package_run_dependencies/rs2
[0.618s] -- Up-to-date: /home/ubuntu/git/rs2/install/rs2/share/ament_index/resource_index/parent_prefix_path/rs2
[0.618s] -- Up-to-date: /home/ubuntu/git/rs2/install/rs2/share/rs2/environment/ament_prefix_path.sh
[0.619s] -- Up-to-date: /home/ubuntu/git/rs2/install/rs2/share/rs2/environment/ament_prefix_path.dsv
[0.619s] -- Up-to-date: /home/ubuntu/git/rs2/install/rs2/share/rs2/environment/path.sh
[0.619s] -- Up-to-date: /home/ubuntu/git/rs2/install/rs2/share/rs2/environment/path.dsv
[0.619s] -- Up-to-date: /home/ubuntu/git/rs2/install/rs2/share/rs2/local_setup.bash
[0.619s] -- Up-to-date: /home/ubuntu/git/rs2/install/rs2/share/rs2/local_setup.sh
[0.619s] -- Up-to-date: /home/ubuntu/git/rs2/install/rs2/share/rs2/local_setup.zsh
[0.619s] -- Up-to-date: /home/ubuntu/git/rs2/install/rs2/share/rs2/local_setup.dsv
[0.619s] -- Installing: /home/ubuntu/git/rs2/install/rs2/share/rs2/package.dsv
[0.619s] -- Up-to-date: /home/ubuntu/git/rs2/install/rs2/share/ament_index/resource_index/packages/rs2
[0.619s] -- Up-to-date: /home/ubuntu/git/rs2/install/rs2/share/rs2/cmake/rs2Config.cmake
[0.619s] -- Up-to-date: /home/ubuntu/git/rs2/install/rs2/share/rs2/cmake/rs2Config-version.cmake
[0.620s] -- Up-to-date: /home/ubuntu/git/rs2/install/rs2/share/rs2/package.xml
[0.631s] Invoked command in '/home/ubuntu/git/rs2/build/rs2' returned '0': CMAKE_PREFIX_PATH=${CMAKE_PREFIX_PATH}:/opt/ros/humble /usr/bin/cmake --install /home/ubuntu/git/rs2/build/rs2
