[0.042s] Invoking command in '/home/ubuntu/git/rs2/build/rs2': CMAKE_PREFIX_PATH=${CMAKE_PREFIX_PATH}:/opt/ros/humble /usr/bin/cmake --build /home/ubuntu/git/rs2/build/rs2 -- -j3 -l3
[0.253s] [ 20%] [34m[1mAutomatic MOC and UIC for target rs2[0m
[0.317s] [ 20%] Built target rs2_autogen
[0.360s] [35m[1mConsolidate compiler generated dependencies of target rs2[0m
[0.423s] [ 40%] [32mBuilding CXX object CMakeFiles/rs2.dir/src/GUI/GUI.cpp.o[0m
[9.112s] [ 60%] [32m[1mLinking CXX executable rs2[0m
[11.419s] [100%] Built target rs2
[11.466s] Invoked command in '/home/ubuntu/git/rs2/build/rs2' returned '0': CMAKE_PREFIX_PATH=${CMAKE_PREFIX_PATH}:/opt/ros/humble /usr/bin/cmake --build /home/ubuntu/git/rs2/build/rs2 -- -j3 -l3
[11.467s] Invoking command in '/home/ubuntu/git/rs2/build/rs2': CMAKE_PREFIX_PATH=${CMAKE_PREFIX_PATH}:/opt/ros/humble /usr/bin/cmake --install /home/ubuntu/git/rs2/build/rs2
[11.481s] -- Install configuration: ""
[11.482s] -- Installing: /home/ubuntu/git/rs2/install/rs2/lib/rs2/rs2
[11.485s] -- Set runtime path of "/home/ubuntu/git/rs2/install/rs2/lib/rs2/rs2" to ""
[11.485s] -- Up-to-date: /home/ubuntu/git/rs2/install/rs2/include/rs2
[11.485s] -- Up-to-date: /home/ubuntu/git/rs2/install/rs2/share/ament_index/resource_index/package_run_dependencies/rs2
[11.486s] -- Up-to-date: /home/ubuntu/git/rs2/install/rs2/share/ament_index/resource_index/parent_prefix_path/rs2
[11.486s] -- Up-to-date: /home/ubuntu/git/rs2/install/rs2/share/rs2/environment/ament_prefix_path.sh
[11.486s] -- Up-to-date: /home/ubuntu/git/rs2/install/rs2/share/rs2/environment/ament_prefix_path.dsv
[11.486s] -- Up-to-date: /home/ubuntu/git/rs2/install/rs2/share/rs2/environment/path.sh
[11.487s] -- Up-to-date: /home/ubuntu/git/rs2/install/rs2/share/rs2/environment/path.dsv
[11.487s] -- Up-to-date: /home/ubuntu/git/rs2/install/rs2/share/rs2/local_setup.bash
[11.487s] -- Up-to-date: /home/ubuntu/git/rs2/install/rs2/share/rs2/local_setup.sh
[11.487s] -- Up-to-date: /home/ubuntu/git/rs2/install/rs2/share/rs2/local_setup.zsh
[11.487s] -- Up-to-date: /home/ubuntu/git/rs2/install/rs2/share/rs2/local_setup.dsv
[11.487s] -- Installing: /home/ubuntu/git/rs2/install/rs2/share/rs2/package.dsv
[11.488s] -- Up-to-date: /home/ubuntu/git/rs2/install/rs2/share/ament_index/resource_index/packages/rs2
[11.488s] -- Up-to-date: /home/ubuntu/git/rs2/install/rs2/share/rs2/cmake/rs2Config.cmake
[11.488s] -- Up-to-date: /home/ubuntu/git/rs2/install/rs2/share/rs2/cmake/rs2Config-version.cmake
[11.488s] -- Up-to-date: /home/ubuntu/git/rs2/install/rs2/share/rs2/package.xml
[11.497s] Invoked command in '/home/ubuntu/git/rs2/build/rs2' returned '0': CMAKE_PREFIX_PATH=${CMAKE_PREFIX_PATH}:/opt/ros/humble /usr/bin/cmake --install /home/ubuntu/git/rs2/build/rs2
