In file included from [01m[K/home/ubuntu/git/rs2/src/main.cpp:6[m[K:
[01m[K/home/ubuntu/git/rs2/src/GUI/GUI.h:25:29:[m[K [01;31m[Kerror: [m[K‘[01m[KQVBoxLayout[m[K’ has not been declared
   25 |     void createJointControl([01;31m[KQVBoxLayout[m[K *layout, int jointNum);
      |                             [01;31m[K^~~~~~~~~~~[m[K
[01m[K/home/ubuntu/git/rs2/src/GUI/GUI.h:30:39:[m[K [01;31m[Kerror: [m[K‘[01m[Kstd_msgs[m[K’ was not declared in this scope
   30 |     std::shared_ptr<rclcpp::Publisher<[01;31m[Kstd_msgs[m[K::msg::Float64MultiArray>> joint_pub_;
      |                                       [01;31m[K^~~~~~~~[m[K
[01m[K/home/ubuntu/git/rs2/src/GUI/GUI.h:30:71:[m[K [01;31m[Kerror: [m[Ktemplate argument 1 is invalid
   30 |     std::shared_ptr<rclcpp::Publisher<std_msgs::msg::Float64MultiArray[01;31m[K>>[m[K joint_pub_;
      |                                                                       [01;31m[K^~[m[K
[01m[K/home/ubuntu/git/rs2/src/GUI/GUI.h:30:74:[m[K [01;31m[Kerror: [m[Ktemplate argument 1 is invalid
   30 |     std::shared_ptr<rclcpp::Publisher<std_msgs::msg::Float64MultiArray>> [01;31m[Kjoint_pub_[m[K;
      |                                                                          [01;31m[K^~~~~~~~~~[m[K
In file included from [01m[K/home/ubuntu/git/rs2/src/GUI/GUI.cpp:1[m[K:
[01m[K/home/ubuntu/git/rs2/src/GUI/GUI.h:25:29:[m[K [01;31m[Kerror: [m[K‘[01m[KQVBoxLayout[m[K’ has not been declared
   25 |     void createJointControl([01;31m[KQVBoxLayout[m[K *layout, int jointNum);
      |                             [01;31m[K^~~~~~~~~~~[m[K
[01m[K/home/ubuntu/git/rs2/src/GUI/GUI.h:30:39:[m[K [01;31m[Kerror: [m[K‘[01m[Kstd_msgs[m[K’ was not declared in this scope
   30 |     std::shared_ptr<rclcpp::Publisher<[01;31m[Kstd_msgs[m[K::msg::Float64MultiArray>> joint_pub_;
      |                                       [01;31m[K^~~~~~~~[m[K
[01m[K/home/ubuntu/git/rs2/src/GUI/GUI.h:30:71:[m[K [01;31m[Kerror: [m[Ktemplate argument 1 is invalid
   30 |     std::shared_ptr<rclcpp::Publisher<std_msgs::msg::Float64MultiArray[01;31m[K>>[m[K joint_pub_;
      |                                                                       [01;31m[K^~[m[K
[01m[K/home/ubuntu/git/rs2/src/GUI/GUI.h:30:74:[m[K [01;31m[Kerror: [m[Ktemplate argument 1 is invalid
   30 |     std::shared_ptr<rclcpp::Publisher<std_msgs::msg::Float64MultiArray>> [01;31m[Kjoint_pub_[m[K;
      |                                                                          [01;31m[K^~~~~~~~~~[m[K
[01m[K/home/ubuntu/git/rs2/src/GUI/GUI.cpp:[m[K In constructor ‘[01m[KGUI::GUI(std::shared_ptr<rclcpp::Node>, QWidget*)[m[K’:
[01m[K/home/ubuntu/git/rs2/src/GUI/GUI.cpp:18:5:[m[K [01;31m[Kerror: [m[K‘[01m[Kjoint_pub_[m[K’ was not declared in this scope
   18 |     [01;31m[Kjoint_pub_[m[K = node_->create_publisher<std_msgs::msg::Float64MultiArray>(
      |     [01;31m[K^~~~~~~~~~[m[K
[01m[K/home/ubuntu/git/rs2/src/GUI/GUI.cpp:[m[K In member function ‘[01m[Kvoid GUI::sendJointPositions()[m[K’:
[01m[K/home/ubuntu/git/rs2/src/GUI/GUI.cpp:43:5:[m[K [01;31m[Kerror: [m[K‘[01m[Kjoint_pub_[m[K’ was not declared in this scope
   43 |     [01;31m[Kjoint_pub_[m[K->publish(message);
      |     [01;31m[K^~~~~~~~~~[m[K
[01m[K/home/ubuntu/git/rs2/src/GUI/GUI.cpp:[m[K In member function ‘[01m[Kvoid GUI::setupUI()[m[K’:
[01m[K/home/ubuntu/git/rs2/src/GUI/GUI.cpp:112:24:[m[K [01;31m[Kerror: [m[Kcannot convert ‘[01m[KQVBoxLayout*[m[K’ to ‘[01m[Kint*[m[K’
  112 |     createJointControl([01;31m[KjointLayout[m[K, 1);
      |                        [01;31m[K^~~~~~~~~~~[m[K
      |                        [01;31m[K|[m[K
      |                        [01;31m[KQVBoxLayout*[m[K
In file included from [01m[K/home/ubuntu/git/rs2/src/GUI/GUI.cpp:1[m[K:
[01m[K/home/ubuntu/git/rs2/src/GUI/GUI.h:25:42:[m[K [01;36m[Knote: [m[K  initializing argument 1 of ‘[01m[Kvoid GUI::createJointControl(int*, int)[m[K’
   25 |     void createJointControl([01;36m[KQVBoxLayout *layout[m[K, int jointNum);
      |                             [01;36m[K~~~~~~~~~~~~~^~~~~~[m[K
[01m[K/home/ubuntu/git/rs2/src/GUI/GUI.cpp:113:24:[m[K [01;31m[Kerror: [m[Kcannot convert ‘[01m[KQVBoxLayout*[m[K’ to ‘[01m[Kint*[m[K’
  113 |     createJointControl([01;31m[KjointLayout[m[K, 2);
      |                        [01;31m[K^~~~~~~~~~~[m[K
      |                        [01;31m[K|[m[K
      |                        [01;31m[KQVBoxLayout*[m[K
In file included from [01m[K/home/ubuntu/git/rs2/src/GUI/GUI.cpp:1[m[K:
[01m[K/home/ubuntu/git/rs2/src/GUI/GUI.h:25:42:[m[K [01;36m[Knote: [m[K  initializing argument 1 of ‘[01m[Kvoid GUI::createJointControl(int*, int)[m[K’
   25 |     void createJointControl([01;36m[KQVBoxLayout *layout[m[K, int jointNum);
      |                             [01;36m[K~~~~~~~~~~~~~^~~~~~[m[K
[01m[K/home/ubuntu/git/rs2/src/GUI/GUI.cpp:114:24:[m[K [01;31m[Kerror: [m[Kcannot convert ‘[01m[KQVBoxLayout*[m[K’ to ‘[01m[Kint*[m[K’
  114 |     createJointControl([01;31m[KjointLayout[m[K, 3);
      |                        [01;31m[K^~~~~~~~~~~[m[K
      |                        [01;31m[K|[m[K
      |                        [01;31m[KQVBoxLayout*[m[K
In file included from [01m[K/home/ubuntu/git/rs2/src/GUI/GUI.cpp:1[m[K:
[01m[K/home/ubuntu/git/rs2/src/GUI/GUI.h:25:42:[m[K [01;36m[Knote: [m[K  initializing argument 1 of ‘[01m[Kvoid GUI::createJointControl(int*, int)[m[K’
   25 |     void createJointControl([01;36m[KQVBoxLayout *layout[m[K, int jointNum);
      |                             [01;36m[K~~~~~~~~~~~~~^~~~~~[m[K
[01m[K/home/ubuntu/git/rs2/src/GUI/GUI.cpp:115:24:[m[K [01;31m[Kerror: [m[Kcannot convert ‘[01m[KQVBoxLayout*[m[K’ to ‘[01m[Kint*[m[K’
  115 |     createJointControl([01;31m[KjointLayout[m[K, 4);
      |                        [01;31m[K^~~~~~~~~~~[m[K
      |                        [01;31m[K|[m[K
      |                        [01;31m[KQVBoxLayout*[m[K
In file included from [01m[K/home/ubuntu/git/rs2/src/GUI/GUI.cpp:1[m[K:
[01m[K/home/ubuntu/git/rs2/src/GUI/GUI.h:25:42:[m[K [01;36m[Knote: [m[K  initializing argument 1 of ‘[01m[Kvoid GUI::createJointControl(int*, int)[m[K’
   25 |     void createJointControl([01;36m[KQVBoxLayout *layout[m[K, int jointNum);
      |                             [01;36m[K~~~~~~~~~~~~~^~~~~~[m[K
[01m[K/home/ubuntu/git/rs2/src/GUI/GUI.cpp:116:24:[m[K [01;31m[Kerror: [m[Kcannot convert ‘[01m[KQVBoxLayout*[m[K’ to ‘[01m[Kint*[m[K’
  116 |     createJointControl([01;31m[KjointLayout[m[K, 5);
      |                        [01;31m[K^~~~~~~~~~~[m[K
      |                        [01;31m[K|[m[K
      |                        [01;31m[KQVBoxLayout*[m[K
In file included from [01m[K/home/ubuntu/git/rs2/src/GUI/GUI.cpp:1[m[K:
[01m[K/home/ubuntu/git/rs2/src/GUI/GUI.h:25:42:[m[K [01;36m[Knote: [m[K  initializing argument 1 of ‘[01m[Kvoid GUI::createJointControl(int*, int)[m[K’
   25 |     void createJointControl([01;36m[KQVBoxLayout *layout[m[K, int jointNum);
      |                             [01;36m[K~~~~~~~~~~~~~^~~~~~[m[K
[01m[K/home/ubuntu/git/rs2/src/GUI/GUI.cpp:117:24:[m[K [01;31m[Kerror: [m[Kcannot convert ‘[01m[KQVBoxLayout*[m[K’ to ‘[01m[Kint*[m[K’
  117 |     createJointControl([01;31m[KjointLayout[m[K, 6);
      |                        [01;31m[K^~~~~~~~~~~[m[K
      |                        [01;31m[K|[m[K
      |                        [01;31m[KQVBoxLayout*[m[K
In file included from [01m[K/home/ubuntu/git/rs2/src/GUI/GUI.cpp:1[m[K:
[01m[K/home/ubuntu/git/rs2/src/GUI/GUI.h:25:42:[m[K [01;36m[Knote: [m[K  initializing argument 1 of ‘[01m[Kvoid GUI::createJointControl(int*, int)[m[K’
   25 |     void createJointControl([01;36m[KQVBoxLayout *layout[m[K, int jointNum);
      |                             [01;36m[K~~~~~~~~~~~~~^~~~~~[m[K
[01m[K/home/ubuntu/git/rs2/src/GUI/GUI.cpp:[m[K At global scope:
[01m[K/home/ubuntu/git/rs2/src/GUI/GUI.cpp:151:6:[m[K [01;31m[Kerror: [m[Kno declaration matches ‘[01m[Kvoid GUI::createJointControl(QVBoxLayout*, int)[m[K’
  151 | void [01;31m[KGUI[m[K::createJointControl(QVBoxLayout *layout, int jointNum)
      |      [01;31m[K^~~[m[K
In file included from [01m[K/home/ubuntu/git/rs2/src/GUI/GUI.cpp:1[m[K:
[01m[K/home/ubuntu/git/rs2/src/GUI/GUI.h:25:10:[m[K [01;36m[Knote: [m[Kcandidate is: ‘[01m[Kvoid GUI::createJointControl(int*, int)[m[K’
   25 |     void [01;36m[KcreateJointControl[m[K(QVBoxLayout *layout, int jointNum);
      |          [01;36m[K^~~~~~~~~~~~~~~~~~[m[K
[01m[K/home/ubuntu/git/rs2/src/GUI/GUI.h:11:7:[m[K [01;36m[Knote: [m[K‘[01m[Kclass GUI[m[K’ defined here
   11 | class [01;36m[KGUI[m[K : public QWidget
      |       [01;36m[K^~~[m[K
gmake[2]: *** [CMakeFiles/rs2.dir/build.make:90: CMakeFiles/rs2.dir/src/main.cpp.o] Error 1
gmake[2]: *** Waiting for unfinished jobs....
gmake[2]: *** [CMakeFiles/rs2.dir/build.make:104: CMakeFiles/rs2.dir/src/GUI/GUI.cpp.o] Error 1
gmake[1]: *** [CMakeFiles/Makefile2:138: CMakeFiles/rs2.dir/all] Error 2
gmake: *** [Makefile:146: all] Error 2
