[0.047s] Invoking command in '/home/ubuntu/git/rs2/build/rs2': CMAKE_PREFIX_PATH=/opt/ros/humble /usr/bin/cmake --build /home/ubuntu/git/rs2/build/rs2 -- -j3 -l3
[0.267s] [ 20%] [34m[1mAutomatic MOC and UIC for target rs2[0m
[0.329s] [ 20%] Built target rs2_autogen
[0.401s] [35m[1mConsolidate compiler generated dependencies of target rs2[0m
[0.460s] [ 40%] [32mBuilding CXX object CMakeFiles/rs2.dir/src/main.cpp.o[0m
[0.501s] [ 60%] [32mBuilding CXX object CMakeFiles/rs2.dir/src/GUI/GUI.cpp.o[0m
[5.436s] In file included from [01m[K/home/ubuntu/git/rs2/src/main.cpp:6[m[K:
[5.441s] [01m[K/home/ubuntu/git/rs2/src/GUI/GUI.h:25:29:[m[K [01;31m[Kerror: [m[K‘[01m[KQVBoxLayout[m[K’ has not been declared
[5.441s]    25 |     void createJointControl([01;31m[KQVBoxLayout[m[K *layout, int jointNum);
[5.441s]       |                             [01;31m[K^~~~~~~~~~~[m[K
[5.677s] [01m[K/home/ubuntu/git/rs2/src/GUI/GUI.h:30:39:[m[K [01;31m[Kerror: [m[K‘[01m[Kstd_msgs[m[K’ was not declared in this scope
[5.677s]    30 |     std::shared_ptr<rclcpp::Publisher<[01;31m[Kstd_msgs[m[K::msg::Float64MultiArray>> joint_pub_;
[5.677s]       |                                       [01;31m[K^~~~~~~~[m[K
[5.678s] [01m[K/home/ubuntu/git/rs2/src/GUI/GUI.h:30:71:[m[K [01;31m[Kerror: [m[Ktemplate argument 1 is invalid
[5.678s]    30 |     std::shared_ptr<rclcpp::Publisher<std_msgs::msg::Float64MultiArray[01;31m[K>>[m[K joint_pub_;
[5.678s]       |                                                                       [01;31m[K^~[m[K
[5.678s] [01m[K/home/ubuntu/git/rs2/src/GUI/GUI.h:30:74:[m[K [01;31m[Kerror: [m[Ktemplate argument 1 is invalid
[5.678s]    30 |     std::shared_ptr<rclcpp::Publisher<std_msgs::msg::Float64MultiArray>> [01;31m[Kjoint_pub_[m[K;
[5.678s]       |                                                                          [01;31m[K^~~~~~~~~~[m[K
[5.867s] In file included from [01m[K/home/ubuntu/git/rs2/src/GUI/GUI.cpp:1[m[K:
[5.867s] [01m[K/home/ubuntu/git/rs2/src/GUI/GUI.h:25:29:[m[K [01;31m[Kerror: [m[K‘[01m[KQVBoxLayout[m[K’ has not been declared
[5.867s]    25 |     void createJointControl([01;31m[KQVBoxLayout[m[K *layout, int jointNum);
[5.867s]       |                             [01;31m[K^~~~~~~~~~~[m[K
[5.869s] [01m[K/home/ubuntu/git/rs2/src/GUI/GUI.h:30:39:[m[K [01;31m[Kerror: [m[K‘[01m[Kstd_msgs[m[K’ was not declared in this scope
[5.945s]    30 |     std::shared_ptr<rclcpp::Publisher<[01;31m[Kstd_msgs[m[K::msg::Float64MultiArray>> joint_pub_;
[5.946s]       |                                       [01;31m[K^~~~~~~~[m[K
[5.974s] [01m[K/home/ubuntu/git/rs2/src/GUI/GUI.h:30:71:[m[K [01;31m[Kerror: [m[Ktemplate argument 1 is invalid
[5.974s]    30 |     std::shared_ptr<rclcpp::Publisher<std_msgs::msg::Float64MultiArray[01;31m[K>>[m[K joint_pub_;
[5.977s]       |                                                                       [01;31m[K^~[m[K
[5.977s] [01m[K/home/ubuntu/git/rs2/src/GUI/GUI.h:30:74:[m[K [01;31m[Kerror: [m[Ktemplate argument 1 is invalid
[5.977s]    30 |     std::shared_ptr<rclcpp::Publisher<std_msgs::msg::Float64MultiArray>> [01;31m[Kjoint_pub_[m[K;
[5.977s]       |                                                                          [01;31m[K^~~~~~~~~~[m[K
[6.003s] [01m[K/home/ubuntu/git/rs2/src/GUI/GUI.cpp:[m[K In constructor ‘[01m[KGUI::GUI(std::shared_ptr<rclcpp::Node>, QWidget*)[m[K’:
[6.006s] [01m[K/home/ubuntu/git/rs2/src/GUI/GUI.cpp:18:5:[m[K [01;31m[Kerror: [m[K‘[01m[Kjoint_pub_[m[K’ was not declared in this scope
[6.007s]    18 |     [01;31m[Kjoint_pub_[m[K = node_->create_publisher<std_msgs::msg::Float64MultiArray>(
[6.007s]       |     [01;31m[K^~~~~~~~~~[m[K
[6.024s] [01m[K/home/ubuntu/git/rs2/src/GUI/GUI.cpp:[m[K In member function ‘[01m[Kvoid GUI::sendJointPositions()[m[K’:
[6.025s] [01m[K/home/ubuntu/git/rs2/src/GUI/GUI.cpp:43:5:[m[K [01;31m[Kerror: [m[K‘[01m[Kjoint_pub_[m[K’ was not declared in this scope
[6.066s]    43 |     [01;31m[Kjoint_pub_[m[K->publish(message);
[6.069s]       |     [01;31m[K^~~~~~~~~~[m[K
[6.069s] [01m[K/home/ubuntu/git/rs2/src/GUI/GUI.cpp:[m[K In member function ‘[01m[Kvoid GUI::setupUI()[m[K’:
[6.069s] [01m[K/home/ubuntu/git/rs2/src/GUI/GUI.cpp:112:24:[m[K [01;31m[Kerror: [m[Kcannot convert ‘[01m[KQVBoxLayout*[m[K’ to ‘[01m[Kint*[m[K’
[6.069s]   112 |     createJointControl([01;31m[KjointLayout[m[K, 1);
[6.070s]       |                        [01;31m[K^~~~~~~~~~~[m[K
[6.070s]       |                        [01;31m[K|[m[K
[6.070s]       |                        [01;31m[KQVBoxLayout*[m[K
[6.070s] In file included from [01m[K/home/ubuntu/git/rs2/src/GUI/GUI.cpp:1[m[K:
[6.070s] [01m[K/home/ubuntu/git/rs2/src/GUI/GUI.h:25:42:[m[K [01;36m[Knote: [m[K  initializing argument 1 of ‘[01m[Kvoid GUI::createJointControl(int*, int)[m[K’
[6.070s]    25 |     void createJointControl([01;36m[KQVBoxLayout *layout[m[K, int jointNum);
[6.070s]       |                             [01;36m[K~~~~~~~~~~~~~^~~~~~[m[K
[6.071s] [01m[K/home/ubuntu/git/rs2/src/GUI/GUI.cpp:113:24:[m[K [01;31m[Kerror: [m[Kcannot convert ‘[01m[KQVBoxLayout*[m[K’ to ‘[01m[Kint*[m[K’
[6.071s]   113 |     createJointControl([01;31m[KjointLayout[m[K, 2);
[6.071s]       |                        [01;31m[K^~~~~~~~~~~[m[K
[6.071s]       |                        [01;31m[K|[m[K
[6.071s]       |                        [01;31m[KQVBoxLayout*[m[K
[6.072s] In file included from [01m[K/home/ubuntu/git/rs2/src/GUI/GUI.cpp:1[m[K:
[6.072s] [01m[K/home/ubuntu/git/rs2/src/GUI/GUI.h:25:42:[m[K [01;36m[Knote: [m[K  initializing argument 1 of ‘[01m[Kvoid GUI::createJointControl(int*, int)[m[K’
[6.073s]    25 |     void createJointControl([01;36m[KQVBoxLayout *layout[m[K, int jointNum);
[6.073s]       |                             [01;36m[K~~~~~~~~~~~~~^~~~~~[m[K
[6.073s] [01m[K/home/ubuntu/git/rs2/src/GUI/GUI.cpp:114:24:[m[K [01;31m[Kerror: [m[Kcannot convert ‘[01m[KQVBoxLayout*[m[K’ to ‘[01m[Kint*[m[K’
[6.073s]   114 |     createJointControl([01;31m[KjointLayout[m[K, 3);
[6.073s]       |                        [01;31m[K^~~~~~~~~~~[m[K
[6.073s]       |                        [01;31m[K|[m[K
[6.073s]       |                        [01;31m[KQVBoxLayout*[m[K
[6.073s] In file included from [01m[K/home/ubuntu/git/rs2/src/GUI/GUI.cpp:1[m[K:
[6.073s] [01m[K/home/ubuntu/git/rs2/src/GUI/GUI.h:25:42:[m[K [01;36m[Knote: [m[K  initializing argument 1 of ‘[01m[Kvoid GUI::createJointControl(int*, int)[m[K’
[6.073s]    25 |     void createJointControl([01;36m[KQVBoxLayout *layout[m[K, int jointNum);
[6.073s]       |                             [01;36m[K~~~~~~~~~~~~~^~~~~~[m[K
[6.073s] [01m[K/home/ubuntu/git/rs2/src/GUI/GUI.cpp:115:24:[m[K [01;31m[Kerror: [m[Kcannot convert ‘[01m[KQVBoxLayout*[m[K’ to ‘[01m[Kint*[m[K’
[6.073s]   115 |     createJointControl([01;31m[KjointLayout[m[K, 4);
[6.073s]       |                        [01;31m[K^~~~~~~~~~~[m[K
[6.073s]       |                        [01;31m[K|[m[K
[6.073s]       |                        [01;31m[KQVBoxLayout*[m[K
[6.073s] In file included from [01m[K/home/ubuntu/git/rs2/src/GUI/GUI.cpp:1[m[K:
[6.073s] [01m[K/home/ubuntu/git/rs2/src/GUI/GUI.h:25:42:[m[K [01;36m[Knote: [m[K  initializing argument 1 of ‘[01m[Kvoid GUI::createJointControl(int*, int)[m[K’
[6.074s]    25 |     void createJointControl([01;36m[KQVBoxLayout *layout[m[K, int jointNum);
[6.074s]       |                             [01;36m[K~~~~~~~~~~~~~^~~~~~[m[K
[6.074s] [01m[K/home/ubuntu/git/rs2/src/GUI/GUI.cpp:116:24:[m[K [01;31m[Kerror: [m[Kcannot convert ‘[01m[KQVBoxLayout*[m[K’ to ‘[01m[Kint*[m[K’
[6.074s]   116 |     createJointControl([01;31m[KjointLayout[m[K, 5);
[6.074s]       |                        [01;31m[K^~~~~~~~~~~[m[K
[6.074s]       |                        [01;31m[K|[m[K
[6.074s]       |                        [01;31m[KQVBoxLayout*[m[K
[6.086s] In file included from [01m[K/home/ubuntu/git/rs2/src/GUI/GUI.cpp:1[m[K:
[6.086s] [01m[K/home/ubuntu/git/rs2/src/GUI/GUI.h:25:42:[m[K [01;36m[Knote: [m[K  initializing argument 1 of ‘[01m[Kvoid GUI::createJointControl(int*, int)[m[K’
[6.086s]    25 |     void createJointControl([01;36m[KQVBoxLayout *layout[m[K, int jointNum);
[6.086s]       |                             [01;36m[K~~~~~~~~~~~~~^~~~~~[m[K
[6.086s] [01m[K/home/ubuntu/git/rs2/src/GUI/GUI.cpp:117:24:[m[K [01;31m[Kerror: [m[Kcannot convert ‘[01m[KQVBoxLayout*[m[K’ to ‘[01m[Kint*[m[K’
[6.087s]   117 |     createJointControl([01;31m[KjointLayout[m[K, 6);
[6.087s]       |                        [01;31m[K^~~~~~~~~~~[m[K
[6.087s]       |                        [01;31m[K|[m[K
[6.087s]       |                        [01;31m[KQVBoxLayout*[m[K
[6.087s] In file included from [01m[K/home/ubuntu/git/rs2/src/GUI/GUI.cpp:1[m[K:
[6.087s] [01m[K/home/ubuntu/git/rs2/src/GUI/GUI.h:25:42:[m[K [01;36m[Knote: [m[K  initializing argument 1 of ‘[01m[Kvoid GUI::createJointControl(int*, int)[m[K’
[6.087s]    25 |     void createJointControl([01;36m[KQVBoxLayout *layout[m[K, int jointNum);
[6.087s]       |                             [01;36m[K~~~~~~~~~~~~~^~~~~~[m[K
[6.087s] [01m[K/home/ubuntu/git/rs2/src/GUI/GUI.cpp:[m[K At global scope:
[6.087s] [01m[K/home/ubuntu/git/rs2/src/GUI/GUI.cpp:151:6:[m[K [01;31m[Kerror: [m[Kno declaration matches ‘[01m[Kvoid GUI::createJointControl(QVBoxLayout*, int)[m[K’
[6.087s]   151 | void [01;31m[KGUI[m[K::createJointControl(QVBoxLayout *layout, int jointNum)
[6.087s]       |      [01;31m[K^~~[m[K
[6.087s] In file included from [01m[K/home/ubuntu/git/rs2/src/GUI/GUI.cpp:1[m[K:
[6.087s] [01m[K/home/ubuntu/git/rs2/src/GUI/GUI.h:25:10:[m[K [01;36m[Knote: [m[Kcandidate is: ‘[01m[Kvoid GUI::createJointControl(int*, int)[m[K’
[6.087s]    25 |     void [01;36m[KcreateJointControl[m[K(QVBoxLayout *layout, int jointNum);
[6.087s]       |          [01;36m[K^~~~~~~~~~~~~~~~~~[m[K
[6.088s] [01m[K/home/ubuntu/git/rs2/src/GUI/GUI.h:11:7:[m[K [01;36m[Knote: [m[K‘[01m[Kclass GUI[m[K’ defined here
[6.088s]    11 | class [01;36m[KGUI[m[K : public QWidget
[6.088s]       |       [01;36m[K^~~[m[K
[6.588s] gmake[2]: *** [CMakeFiles/rs2.dir/build.make:90: CMakeFiles/rs2.dir/src/main.cpp.o] Error 1
[6.589s] gmake[2]: *** Waiting for unfinished jobs....
[8.251s] gmake[2]: *** [CMakeFiles/rs2.dir/build.make:104: CMakeFiles/rs2.dir/src/GUI/GUI.cpp.o] Error 1
[8.252s] gmake[1]: *** [CMakeFiles/Makefile2:138: CMakeFiles/rs2.dir/all] Error 2
[8.252s] gmake: *** [Makefile:146: all] Error 2
[8.258s] Invoked command in '/home/ubuntu/git/rs2/build/rs2' returned '2': CMAKE_PREFIX_PATH=/opt/ros/humble /usr/bin/cmake --build /home/ubuntu/git/rs2/build/rs2 -- -j3 -l3
