[0.064s] Invoking command in '/home/ubuntu/git/rs2/build/rs2': CMAKE_PREFIX_PATH=${CMAKE_PREFIX_PATH}:/opt/ros/humble /usr/bin/cmake --build /home/ubuntu/git/rs2/build/rs2 -- -j3 -l3
[0.458s] -- Found ament_cmake: 1.3.11 (/opt/ros/humble/share/ament_cmake/cmake)
[0.875s] -- Found rclcpp: 16.0.11 (/opt/ros/humble/share/rclcpp/cmake)
[1.062s] -- Found rosidl_generator_c: 3.1.6 (/opt/ros/humble/share/rosidl_generator_c/cmake)
[1.077s] -- Found rosidl_adapter: 3.1.6 (/opt/ros/humble/share/rosidl_adapter/cmake)
[1.113s] -- Found rosidl_generator_cpp: 3.1.6 (/opt/ros/humble/share/rosidl_generator_cpp/cmake)
[1.162s] -- Using all available rosidl_typesupport_c: rosidl_typesupport_fastrtps_c;rosidl_typesupport_introspection_c
[1.221s] -- Using all available rosidl_typesupport_cpp: rosidl_typesupport_fastrtps_cpp;rosidl_typesupport_introspection_cpp
[1.398s] -- Found rmw_implementation_cmake: 6.1.2 (/opt/ros/humble/share/rmw_implementation_cmake/cmake)
[1.420s] -- Found rmw_fastrtps_cpp: 6.2.7 (/opt/ros/humble/share/rmw_fastrtps_cpp/cmake)
[1.710s] -- Using RMW implementation 'rmw_fastrtps_cpp' as default
[1.945s] -- Found rclcpp_components: 16.0.11 (/opt/ros/humble/share/rclcpp_components/cmake)
[2.234s] -- Configuring done
[2.353s] -- Generating done
[2.380s] -- Build files have been written to: /home/ubuntu/git/rs2/build/rs2
[2.465s] [ 20%] [34m[1mAutomatic MOC and UIC for target rs2[0m
[4.488s] [ 20%] Built target rs2_autogen
[4.517s] [35m[1mConsolidate compiler generated dependencies of target rs2[0m
[4.587s] [ 40%] [32mBuilding CXX object CMakeFiles/rs2.dir/src/GUI/GUI.cpp.o[0m
[4.606s] [ 60%] [32mBuilding CXX object CMakeFiles/rs2.dir/src/main.cpp.o[0m
[4.609s] [ 80%] [32mBuilding CXX object CMakeFiles/rs2.dir/rs2_autogen/mocs_compilation.cpp.o[0m
[17.712s] [100%] [32m[1mLinking CXX executable rs2[0m
[20.539s] [100%] Built target rs2
[20.565s] Invoked command in '/home/ubuntu/git/rs2/build/rs2' returned '0': CMAKE_PREFIX_PATH=${CMAKE_PREFIX_PATH}:/opt/ros/humble /usr/bin/cmake --build /home/ubuntu/git/rs2/build/rs2 -- -j3 -l3
[20.593s] Invoking command in '/home/ubuntu/git/rs2/build/rs2': CMAKE_PREFIX_PATH=${CMAKE_PREFIX_PATH}:/opt/ros/humble /usr/bin/cmake --install /home/ubuntu/git/rs2/build/rs2
[20.610s] -- Install configuration: ""
[20.614s] -- Installing: /home/ubuntu/git/rs2/install/rs2/lib/rs2/rs2
[20.618s] -- Set runtime path of "/home/ubuntu/git/rs2/install/rs2/lib/rs2/rs2" to ""
[20.619s] -- Up-to-date: /home/ubuntu/git/rs2/install/rs2/include/rs2
[20.619s] -- Up-to-date: /home/ubuntu/git/rs2/install/rs2/share/ament_index/resource_index/package_run_dependencies/rs2
[20.619s] -- Up-to-date: /home/ubuntu/git/rs2/install/rs2/share/ament_index/resource_index/parent_prefix_path/rs2
[20.619s] -- Installing: /home/ubuntu/git/rs2/install/rs2/share/rs2/environment/ament_prefix_path.sh
[20.621s] -- Installing: /home/ubuntu/git/rs2/install/rs2/share/rs2/environment/ament_prefix_path.dsv
[20.623s] -- Installing: /home/ubuntu/git/rs2/install/rs2/share/rs2/environment/path.sh
[20.625s] -- Installing: /home/ubuntu/git/rs2/install/rs2/share/rs2/environment/path.dsv
[20.626s] -- Up-to-date: /home/ubuntu/git/rs2/install/rs2/share/rs2/local_setup.bash
[20.627s] -- Up-to-date: /home/ubuntu/git/rs2/install/rs2/share/rs2/local_setup.sh
[20.627s] -- Up-to-date: /home/ubuntu/git/rs2/install/rs2/share/rs2/local_setup.zsh
[20.627s] -- Installing: /home/ubuntu/git/rs2/install/rs2/share/rs2/local_setup.dsv
[20.629s] -- Installing: /home/ubuntu/git/rs2/install/rs2/share/rs2/package.dsv
[20.629s] -- Up-to-date: /home/ubuntu/git/rs2/install/rs2/share/ament_index/resource_index/packages/rs2
[20.629s] -- Up-to-date: /home/ubuntu/git/rs2/install/rs2/share/rs2/cmake/rs2Config.cmake
[20.630s] -- Up-to-date: /home/ubuntu/git/rs2/install/rs2/share/rs2/cmake/rs2Config-version.cmake
[20.630s] -- Up-to-date: /home/ubuntu/git/rs2/install/rs2/share/rs2/package.xml
[20.634s] Invoked command in '/home/ubuntu/git/rs2/build/rs2' returned '0': CMAKE_PREFIX_PATH=${CMAKE_PREFIX_PATH}:/opt/ros/humble /usr/bin/cmake --install /home/ubuntu/git/rs2/build/rs2
