[0.821s] DEBUG:colcon:Command line arguments: ['/usr/bin/colcon', 'build']
[0.821s] DEBUG:colcon:Parsed command line arguments: Namespace(log_base=None, log_level=None, verb_name='build', build_base='build', install_base='install', merge_install=False, symlink_install=False, test_result_base=None, continue_on_error=False, executor='parallel', parallel_workers=3, event_handlers=None, ignore_user_meta=False, metas=['./colcon.meta'], base_paths=['.'], packages_ignore=None, packages_ignore_regex=None, paths=None, packages_up_to=None, packages_up_to_regex=None, packages_above=None, packages_above_and_dependencies=None, packages_above_depth=None, packages_select_by_dep=None, packages_skip_by_dep=None, packages_skip_up_to=None, packages_select_build_failed=False, packages_skip_build_finished=False, packages_select_test_failures=False, packages_skip_test_passed=False, packages_select=None, packages_skip=None, packages_select_regex=None, packages_skip_regex=None, packages_start=None, packages_end=None, allow_overriding=[], cmake_args=None, cmake_target=None, cmake_target_skip_unavailable=False, cmake_clean_cache=False, cmake_clean_first=False, cmake_force_configure=False, ament_cmake_args=None, catkin_cmake_args=None, catkin_skip_building_tests=False, mixin_files=None, mixin=None, verb_parser=<colcon_mixin.mixin.mixin_argument.MixinArgumentDecorator object at 0x720ff7a1d8d0>, verb_extension=<colcon_core.verb.build.BuildVerb object at 0x720ff7a1d300>, main=<bound method BuildVerb.main of <colcon_core.verb.build.BuildVerb object at 0x720ff7a1d300>>, mixin_verb=('build',))
[1.676s] Level 1:colcon.colcon_core.package_discovery:discover_packages(colcon_meta) check parameters
[1.677s] Level 1:colcon.colcon_core.package_discovery:discover_packages(recursive) check parameters
[1.677s] Level 1:colcon.colcon_core.package_discovery:discover_packages(ignore) check parameters
[1.677s] Level 1:colcon.colcon_core.package_discovery:discover_packages(path) check parameters
[1.677s] Level 1:colcon.colcon_core.package_discovery:discover_packages(colcon_meta) discover
[1.677s] Level 1:colcon.colcon_core.package_discovery:discover_packages(recursive) discover
[1.677s] INFO:colcon.colcon_core.package_discovery:Crawling recursively for packages in '/home/ubuntu/git/rs2'
[1.677s] Level 1:colcon.colcon_core.package_identification:_identify(.) by extensions ['ignore', 'ignore_ament_install']
[1.677s] Level 1:colcon.colcon_core.package_identification:_identify(.) by extension 'ignore'
[1.677s] Level 1:colcon.colcon_core.package_identification:_identify(.) by extension 'ignore_ament_install'
[1.678s] Level 1:colcon.colcon_core.package_identification:_identify(.) by extensions ['colcon_pkg']
[1.678s] Level 1:colcon.colcon_core.package_identification:_identify(.) by extension 'colcon_pkg'
[1.678s] Level 1:colcon.colcon_core.package_identification:_identify(.) by extensions ['colcon_meta']
[1.678s] Level 1:colcon.colcon_core.package_identification:_identify(.) by extension 'colcon_meta'
[1.678s] Level 1:colcon.colcon_core.package_identification:_identify(.) by extensions ['ros']
[1.678s] Level 1:colcon.colcon_core.package_identification:_identify(.) by extension 'ros'
[1.706s] DEBUG:colcon.colcon_core.package_identification:Package '.' with type 'ros.ament_cmake' and name 'rs2'
[1.706s] Level 1:colcon.colcon_core.package_discovery:discover_packages(recursive) using defaults
[1.706s] Level 1:colcon.colcon_core.package_discovery:discover_packages(ignore) discover
[1.706s] Level 1:colcon.colcon_core.package_discovery:discover_packages(ignore) using defaults
[1.706s] Level 1:colcon.colcon_core.package_discovery:discover_packages(path) discover
[1.706s] Level 1:colcon.colcon_core.package_discovery:discover_packages(path) using defaults
[1.790s] Level 1:colcon.colcon_core.package_discovery:discover_packages(prefix_path) check parameters
[1.790s] Level 1:colcon.colcon_core.package_discovery:discover_packages(prefix_path) discover
[1.806s] DEBUG:colcon.colcon_installed_package_information.package_discovery:Found 365 installed packages in /opt/ros/humble
[1.809s] Level 1:colcon.colcon_core.package_discovery:discover_packages(prefix_path) using defaults
[2.157s] Level 5:colcon.colcon_core.verb:set package 'rs2' build argument 'cmake_args' from command line to 'None'
[2.159s] Level 5:colcon.colcon_core.verb:set package 'rs2' build argument 'cmake_target' from command line to 'None'
[2.161s] Level 5:colcon.colcon_core.verb:set package 'rs2' build argument 'cmake_target_skip_unavailable' from command line to 'False'
[2.161s] Level 5:colcon.colcon_core.verb:set package 'rs2' build argument 'cmake_clean_cache' from command line to 'False'
[2.161s] Level 5:colcon.colcon_core.verb:set package 'rs2' build argument 'cmake_clean_first' from command line to 'False'
[2.161s] Level 5:colcon.colcon_core.verb:set package 'rs2' build argument 'cmake_force_configure' from command line to 'False'
[2.161s] Level 5:colcon.colcon_core.verb:set package 'rs2' build argument 'ament_cmake_args' from command line to 'None'
[2.161s] Level 5:colcon.colcon_core.verb:set package 'rs2' build argument 'catkin_cmake_args' from command line to 'None'
[2.161s] Level 5:colcon.colcon_core.verb:set package 'rs2' build argument 'catkin_skip_building_tests' from command line to 'False'
[2.161s] DEBUG:colcon.colcon_core.verb:Building package 'rs2' with the following arguments: {'ament_cmake_args': None, 'build_base': '/home/ubuntu/git/rs2/build/rs2', 'catkin_cmake_args': None, 'catkin_skip_building_tests': False, 'cmake_args': None, 'cmake_clean_cache': False, 'cmake_clean_first': False, 'cmake_force_configure': False, 'cmake_target': None, 'cmake_target_skip_unavailable': False, 'install_base': '/home/ubuntu/git/rs2/install/rs2', 'merge_install': False, 'path': '/home/ubuntu/git/rs2', 'symlink_install': False, 'test_result_base': None}
[2.162s] INFO:colcon.colcon_core.executor:Executing jobs using 'parallel' executor
[2.163s] DEBUG:colcon.colcon_parallel_executor.executor.parallel:run_until_complete
[2.165s] INFO:colcon.colcon_ros.task.ament_cmake.build:Building ROS package in '/home/ubuntu/git/rs2' with build type 'ament_cmake'
[2.165s] INFO:colcon.colcon_cmake.task.cmake.build:Building CMake package in '/home/ubuntu/git/rs2'
[2.185s] INFO:colcon.colcon_core.plugin_system:Skipping extension 'colcon_core.shell.bat': Not used on non-Windows systems
[2.186s] INFO:colcon.colcon_core.shell:Skip shell extension 'powershell' for command environment: Not usable outside of PowerShell
[2.186s] DEBUG:colcon.colcon_core.shell:Skip shell extension 'dsv' for command environment
[2.213s] DEBUG:colcon.colcon_core.event_handler.log_command:Invoking command in '/home/ubuntu/git/rs2/build/rs2': CMAKE_PREFIX_PATH=/opt/ros/humble /usr/bin/cmake --build /home/ubuntu/git/rs2/build/rs2 -- -j3 -l3
[11.180s] Level 1:colcon.colcon_core.environment:create_environment_scripts_only(rs2)
[11.187s] Level 1:colcon.colcon_core.environment:checking '/home/ubuntu/git/rs2/install/rs2' for CMake module files
[11.187s] Level 1:colcon.colcon_core.environment:checking '/home/ubuntu/git/rs2/install/rs2' for CMake config files
[11.188s] Level 1:colcon.colcon_core.environment:checking '/home/ubuntu/git/rs2/install/rs2/bin'
[11.188s] Level 1:colcon.colcon_core.environment:checking '/home/ubuntu/git/rs2/install/rs2/lib/pkgconfig/rs2.pc'
[11.192s] DEBUG:colcon.colcon_core.event_handler.log_command:Invoked command in '/home/ubuntu/git/rs2/build/rs2' returned '2': CMAKE_PREFIX_PATH=/opt/ros/humble /usr/bin/cmake --build /home/ubuntu/git/rs2/build/rs2 -- -j3 -l3
[11.196s] Level 1:colcon.colcon_core.environment:checking '/home/ubuntu/git/rs2/install/rs2/lib/python3.10/site-packages'
[11.199s] Level 1:colcon.colcon_core.environment:checking '/home/ubuntu/git/rs2/install/rs2/bin'
[11.202s] INFO:colcon.colcon_core.shell:Creating package script '/home/ubuntu/git/rs2/install/rs2/share/rs2/package.ps1'
[11.205s] INFO:colcon.colcon_core.shell:Creating package descriptor '/home/ubuntu/git/rs2/install/rs2/share/rs2/package.dsv'
[11.208s] INFO:colcon.colcon_core.shell:Creating package script '/home/ubuntu/git/rs2/install/rs2/share/rs2/package.sh'
[11.211s] INFO:colcon.colcon_core.shell:Creating package script '/home/ubuntu/git/rs2/install/rs2/share/rs2/package.bash'
[11.218s] INFO:colcon.colcon_core.shell:Creating package script '/home/ubuntu/git/rs2/install/rs2/share/rs2/package.zsh'
[11.220s] Level 1:colcon.colcon_core.environment:create_file_with_runtime_dependencies(/home/ubuntu/git/rs2/install/rs2/share/colcon-core/packages/rs2)
[11.235s] DEBUG:colcon.colcon_parallel_executor.executor.parallel:closing loop
[11.236s] DEBUG:colcon.colcon_parallel_executor.executor.parallel:loop closed
[11.236s] DEBUG:colcon.colcon_parallel_executor.executor.parallel:run_until_complete finished with '2'
[11.238s] DEBUG:colcon.colcon_core.event_reactor:joining thread
[11.251s] INFO:colcon.colcon_core.plugin_system:Skipping extension 'colcon_notification.desktop_notification.terminal_notifier': Not used on non-Darwin systems
[11.256s] INFO:colcon.colcon_core.plugin_system:Skipping extension 'colcon_notification.desktop_notification.win32': Not used on non-Windows systems
[11.256s] INFO:colcon.colcon_notification.desktop_notification:Sending desktop notification using 'notify2'
[11.322s] DEBUG:colcon.colcon_core.event_reactor:joined thread
[11.323s] INFO:colcon.colcon_core.shell:Creating prefix script '/home/ubuntu/git/rs2/install/local_setup.ps1'
[11.324s] INFO:colcon.colcon_core.shell:Creating prefix util module '/home/ubuntu/git/rs2/install/_local_setup_util_ps1.py'
[11.328s] INFO:colcon.colcon_core.shell:Creating prefix chain script '/home/ubuntu/git/rs2/install/setup.ps1'
[11.336s] INFO:colcon.colcon_core.shell:Creating prefix script '/home/ubuntu/git/rs2/install/local_setup.sh'
[11.339s] INFO:colcon.colcon_core.shell:Creating prefix util module '/home/ubuntu/git/rs2/install/_local_setup_util_sh.py'
[11.345s] INFO:colcon.colcon_core.shell:Creating prefix chain script '/home/ubuntu/git/rs2/install/setup.sh'
[11.347s] INFO:colcon.colcon_core.shell:Creating prefix script '/home/ubuntu/git/rs2/install/local_setup.bash'
[11.348s] INFO:colcon.colcon_core.shell:Creating prefix chain script '/home/ubuntu/git/rs2/install/setup.bash'
[11.350s] INFO:colcon.colcon_core.shell:Creating prefix script '/home/ubuntu/git/rs2/install/local_setup.zsh'
[11.351s] INFO:colcon.colcon_core.shell:Creating prefix chain script '/home/ubuntu/git/rs2/install/setup.zsh'
